DEBUG 2018-03-01 19:58:25,614: 	 Executing command: 'submit'
DEBUG 2018-03-01 19:58:25,614: 	 Found CRAB cache file /uscms/home/zwang2/.crab3
DEBUG 2018-03-01 19:58:25,633: 	 Checking credentials
DEBUG 2018-03-01 19:58:25,633: 	 Found proxy file /tmp/x509up_u49846
DEBUG 2018-03-01 19:58:25,633: 	 Getting proxy life time left
DEBUG 2018-03-01 19:58:25,737: 	 Executing : 
 command : voms-proxy-info -file /tmp/x509up_u49846 -timeleft
 output : 39370

 error: 
 retcode : 0
DEBUG 2018-03-01 19:58:25,840: 	 Executing : 
 command : voms-proxy-info -file /tmp/x509up_u49846 -actimeleft
 output : 39369

 error: 
 retcode : 0
DEBUG 2018-03-01 19:58:25,841: 	 Proxy valid for 10:56:10 hours
INFO 2018-03-01 19:58:25,841: 	 Will use CRAB configuration file GravitonToQuark_6000.py
DEBUG 2018-03-01 19:58:25,841: 	 Loading CRAB configuration file.
ERROR 2018-03-01 19:58:27,597: 	 Keyboard Interrupted
DEBUG 2018-03-01 19:58:37,567: 	 Executing command: 'submit'
DEBUG 2018-03-01 19:58:37,567: 	 Found CRAB cache file /uscms/home/zwang2/.crab3
DEBUG 2018-03-01 19:58:37,573: 	 Checking credentials
DEBUG 2018-03-01 19:58:37,573: 	 Found proxy file /tmp/x509up_u49846
DEBUG 2018-03-01 19:58:37,573: 	 Getting proxy life time left
DEBUG 2018-03-01 19:58:37,676: 	 Executing : 
 command : voms-proxy-info -file /tmp/x509up_u49846 -timeleft
 output : 39358

 error: 
 retcode : 0
ERROR 2018-03-01 19:58:37,714: 	 Keyboard Interrupted
