DEBUG 2018-03-02 12:19:54,346: 	 Executing command: 'submit'
DEBUG 2018-03-02 12:19:54,347: 	 Found CRAB cache file /uscms/home/zwang2/.crab3
DEBUG 2018-03-02 12:19:54,354: 	 Checking credentials
DEBUG 2018-03-02 12:19:54,354: 	 Found proxy file /tmp/x509up_u49846
DEBUG 2018-03-02 12:19:54,354: 	 Getting proxy life time left
DEBUG 2018-03-02 12:19:54,457: 	 Executing : 
 command : voms-proxy-info -file /tmp/x509up_u49846 -timeleft
 output : 42987

 error: 
 retcode : 0
DEBUG 2018-03-02 12:19:54,561: 	 Executing : 
 command : voms-proxy-info -file /tmp/x509up_u49846 -actimeleft
 output : 42987

 error: 
 retcode : 0
DEBUG 2018-03-02 12:19:54,562: 	 Proxy valid for 11:56:27 hours
INFO 2018-03-02 12:19:54,562: 	 Will use CRAB configuration file QCD1000-1500.py
DEBUG 2018-03-02 12:19:54,562: 	 Loading CRAB configuration file.
DEBUG 2018-03-02 12:19:57,009: 	 Will use CRAB Analysis plugin (i.e. will run an analysis job type).
DEBUG 2018-03-02 12:19:57,125: 	 Executing : 
 command : openssl x509 -in ~/.globus/usercert.pem -subject -noout
 output : subject= /DC=ch/DC=cern/OU=Organic Units/OU=Users/CN=zhixing/CN=764028/CN=Zhixing Wang

 error: 
 retcode : 0
DEBUG 2018-03-02 12:19:57,126: 	 Checking credentials
DEBUG 2018-03-02 12:19:57,126: 	 Found proxy file /tmp/x509up_u49846
DEBUG 2018-03-02 12:19:57,126: 	 Getting proxy life time left
DEBUG 2018-03-02 12:19:57,229: 	 Executing : 
 command : voms-proxy-info -file /tmp/x509up_u49846 -timeleft
 output : 42984

 error: 
 retcode : 0
DEBUG 2018-03-02 12:19:57,332: 	 Executing : 
 command : voms-proxy-info -file /tmp/x509up_u49846 -actimeleft
 output : 42984

 error: 
 retcode : 0
DEBUG 2018-03-02 12:19:57,332: 	 Proxy valid for 11:56:24 hours
DEBUG 2018-03-02 12:19:57,435: 	 Executing : 
 command : env X509_USER_PROXY=/tmp/x509up_u49846 voms-proxy-info -fqan
 output : /cms/Role=NULL/Capability=NULL
/cms/uscms/Role=NULL/Capability=NULL

 error: 
 retcode : 0
DEBUG 2018-03-02 12:19:59,359: 	 Registering user credentials for server /DC=ch/DC=cern/OU=computers/CN=vocms(045|052|021|031|0118|0118a|0119|0108|0105|0109).cern.ch
DEBUG 2018-03-02 12:19:59,469: 	 Executing : 
 command : openssl x509 -in ~/.globus/usercert.pem -subject -noout
 output : subject= /DC=ch/DC=cern/OU=Organic Units/OU=Users/CN=zhixing/CN=764028/CN=Zhixing Wang

 error: 
 retcode : 0
DEBUG 2018-03-02 12:19:59,469: 	 Getting myproxy life time left for myproxy.cern.ch
DEBUG 2018-03-02 12:19:59,470: 	 Calculating hash of /DC=ch/DC=cern/OU=Organic Units/OU=Users/CN=zhixing/CN=764028/CN=Zhixing Wang_cmsweb.cern.ch for credential name
DEBUG 2018-03-02 12:20:00,174: 	 Executing : 
 command : myproxy-info -l 4ee4034cd45d4b67464d1859f7b5d936a2b5fc13 -s myproxy.cern.ch
 output : username: 4ee4034cd45d4b67464d1859f7b5d936a2b5fc13
owner: /DC=ch/DC=cern/OU=Organic Units/OU=Users/CN=zhixing/CN=764028/CN=Zhixing Wang
  renewal policy: /DC=ch/DC=cern/OU=computers/CN=vocms(045|052|021|031|0118|0118a|0119|0108|0105|0109).cern.ch
  trusted retrieval policy: /DC=ch/DC=cern/OU=computers/CN=vocms(045|052|021|031|0118|0118a|0119|0108|0105|0109).cern.ch
  timeleft: 700:15:50  (29.2 days)

 error: 
 retcode : 0
DEBUG 2018-03-02 12:20:00,177: 	 Myproxy is valid: 2520950
DEBUG 2018-03-02 12:20:00,177: 	 Command use: submit
DEBUG 2018-03-02 12:20:00,177: 	 Options use: ['QCD1000-1500.py']
DEBUG 2018-03-02 12:20:01,983: 	 CRABClient version: 3.3.1802
DEBUG 2018-03-02 12:20:01,983: 	 Instance is prod
DEBUG 2018-03-02 12:20:01,983: 	 Server base url is cmsweb.cern.ch
DEBUG 2018-03-02 12:20:01,983: 	 Command url /crabserver/prod/workflow
DEBUG 2018-03-02 12:20:01,983: 	 Started submission
DEBUG 2018-03-02 12:20:01,983: 	 Working on /uscms_data/d3/zwang2/CMSSW_9_4_0/src/CMSDIJET/DijetRootTreeMaker/crab_jobs/crab_QCD_1000-1500
DEBUG 2018-03-02 12:20:03,892: 	 Loading required information from the environment
DEBUG 2018-03-02 12:20:03,892: 	 Found CMSSW_9_4_0 for slc6_amd64_gcc630 with base /uscms_data/d3/zwang2/CMSSW_9_4_0
DEBUG 2018-03-02 12:20:03,892: 	 Loading required information from the environment
DEBUG 2018-03-02 12:20:03,892: 	 Found CMSSW_9_4_0 for slc6_amd64_gcc630 with base /uscms_data/d3/zwang2/CMSSW_9_4_0
DEBUG 2018-03-02 12:20:03,904: 	 UNIQUE NAME: tarUUID 4dfa311b-d684-496c-bacb-cf5d3c661a85 
DEBUG 2018-03-02 12:20:03,905: 	 self.config: from WMCore.Configuration import Configuration
config = Configuration()
config.section_('General')
config.General.workArea = '/uscms_data/d3/zwang2/CMSSW_9_4_0/src/CMSDIJET/DijetRootTreeMaker/crab_jobs/'
config.General.transferOutputs = True
config.General.transferLogs = True
config.General.requestName = 'QCD_1000-1500'
config.section_('JobType')
config.JobType.psetName = '/uscms_data/d3/zwang2/CMSSW_9_4_0/src/CMSDIJET/DijetRootTreeMaker/prod/flat-MC-cfg_miniAOD.py'
config.JobType.pluginName = 'Analysis'
config.section_('Data')
config.Data.inputDataset = '/QCD_HT1000to1500_TuneCUETP8M1_13TeV-madgraphMLM-pythia8/RunIISummer17MiniAOD-92X_upgrade2017_realistic_v10-v2/MINIAODSIM'
config.Data.outputDatasetTag = 'analysis'
config.Data.publication = False
config.Data.unitsPerJob = 1
config.Data.splitting = 'FileBased'
config.Data.outLFNDirBase = '/store/user/zhixing/GravitonToQuarkQuark/'
config.section_('Site')
config.Site.blacklist = []
config.Site.storageSite = 'T3_US_FNALLPC'
config.section_('User')
config.section_('Debug')
config.Debug.extraJDL = ['+CMS_ALLOW_OVERFLOW=False']

DEBUG 2018-03-02 12:20:03,905: 	 self.config.JobType.psetName: /uscms_data/d3/zwang2/CMSSW_9_4_0/src/CMSDIJET/DijetRootTreeMaker/prod/flat-MC-cfg_miniAOD.py
INFO 2018-03-02 12:20:03,905: 	 Importing CMSSW configuration /uscms_data/d3/zwang2/CMSSW_9_4_0/src/CMSDIJET/DijetRootTreeMaker/prod/flat-MC-cfg_miniAOD.py
INFO 2018-03-02 12:20:05,909: 	 Finished importing CMSSW configuration /uscms_data/d3/zwang2/CMSSW_9_4_0/src/CMSDIJET/DijetRootTreeMaker/prod/flat-MC-cfg_miniAOD.py
DEBUG 2018-03-02 12:20:05,909: 	 Writing CMSSW configuration to /uscms_data/d3/zwang2/CMSSW_9_4_0/src/CMSDIJET/DijetRootTreeMaker/crab_jobs/crab_QCD_1000-1500/inputs/PSet.py
DEBUG 2018-03-02 12:20:06,605: 	 The following EDM output files will be collected: []
DEBUG 2018-03-02 12:20:06,605: 	 The following TFile output files will be collected: ['THISROOTFILE.root']
DEBUG 2018-03-02 12:20:06,605: 	 The following user output files will be collected: []
DEBUG 2018-03-02 12:20:06,605: 	 Loading required information from the environment
DEBUG 2018-03-02 12:20:06,605: 	 Found CMSSW_9_4_0 for slc6_amd64_gcc630 with base /uscms_data/d3/zwang2/CMSSW_9_4_0
DEBUG 2018-03-02 12:20:06,605: 	 Making tarball in /uscms_data/d3/zwang2/CMSSW_9_4_0/src/CMSDIJET/DijetRootTreeMaker/crab_jobs/crab_QCD_1000-1500/inputs/4dfa311b-d684-496c-bacb-cf5d3c661a85default.tgz
DEBUG 2018-03-02 12:20:06,621: 	 Checking directory /uscms_data/d3/zwang2/CMSSW_9_4_0/lib
DEBUG 2018-03-02 12:20:06,621: 	 Adding directory /uscms_data/d3/zwang2/CMSSW_9_4_0/lib to tarball
DEBUG 2018-03-02 12:20:06,957: 	 Checking directory /uscms_data/d3/zwang2/CMSSW_9_4_0/biglib
DEBUG 2018-03-02 12:20:06,957: 	 Adding directory /uscms_data/d3/zwang2/CMSSW_9_4_0/biglib to tarball
DEBUG 2018-03-02 12:20:06,959: 	 Checking directory /uscms_data/d3/zwang2/CMSSW_9_4_0/module
DEBUG 2018-03-02 12:20:06,966: 	 Adding data directory /uscms_data/d3/zwang2/CMSSW_9_4_0/src/CMSDIJET/DijetRootTreeMaker/data to tarball
DEBUG 2018-03-02 12:20:09,797: 	 Adding data directory /uscms_data/d3/zwang2/CMSSW_9_4_0/src/PhysicsTools/PatExamples/interface to tarball
DEBUG 2018-03-02 12:20:09,848: 	 Adding data directory /uscms_data/d3/zwang2/CMSSW_9_4_0/src/PhysicsTools/PatExamples/data to tarball
DEBUG 2018-03-02 12:20:10,338: 	 Uploading archive /uscms_data/d3/zwang2/CMSSW_9_4_0/src/CMSDIJET/DijetRootTreeMaker/crab_jobs/crab_QCD_1000-1500/inputs/4dfa311b-d684-496c-bacb-cf5d3c661a85default.tgz (3.552734.1 MB) to the CRAB cache. Using URI https://cmsweb.cern.ch/crabcache
DEBUG 2018-03-02 12:20:16,201: 	 Loading required information from the environment
DEBUG 2018-03-02 12:20:16,201: 	 Found CMSSW_9_4_0 for slc6_amd64_gcc630 with base /uscms_data/d3/zwang2/CMSSW_9_4_0
DEBUG 2018-03-02 12:20:16,201: 	 Making tarball in /uscms_data/d3/zwang2/CMSSW_9_4_0/src/CMSDIJET/DijetRootTreeMaker/crab_jobs/crab_QCD_1000-1500/inputs/debugFiles.tgz
DEBUG 2018-03-02 12:20:16,207: 	 Uploading archive /uscms_data/d3/zwang2/CMSSW_9_4_0/src/CMSDIJET/DijetRootTreeMaker/crab_jobs/crab_QCD_1000-1500/inputs/debugFiles.tgz (3 KB) to the CRAB cache. Using URI https://cmsweb.cern.ch/crabcache
DEBUG 2018-03-02 12:20:17,810: 	 Result uploading input files: ccd141939f3a48cd892f2521853b15b3365c44e3588ee018d082f5111e25b17a.tar.gz 
INFO 2018-03-02 12:20:17,811: 	 Sending the request to the server
DEBUG 2018-03-02 12:20:17,811: 	 Submitting {'maxjobruntime': 1250, 'extrajdl': ['+CMS_ALLOW_OVERFLOW=False'], 'ignorelocality': 0, 'savelogsflag': 1, 'useparent': 0, 'asyncdest': 'T3_US_FNALLPC', 'algoargs': 1, 'cachefilename': 'ccd141939f3a48cd892f2521853b15b3365c44e3588ee018d082f5111e25b17a.tar.gz', 'numcores': 1, 'addoutputfiles': [], 'generator': 'pythia', 'maxmemory': 2000, 'publishdbsurl': 'https://cmsweb.cern.ch/dbs/prod/phys03/DBSWriter', 'priority': 10, 'jobsw': 'CMSSW_9_4_0', 'edmoutfiles': [], 'userfiles': [], 'primarydataset': '', 'inputdata': '/QCD_HT1000to1500_TuneCUETP8M1_13TeV-madgraphMLM-pythia8/RunIISummer17MiniAOD-92X_upgrade2017_realistic_v10-v2/MINIAODSIM', 'lfn': '/store/user/zhixing/GravitonToQuarkQuark/', 'dryrun': 0, 'workflow': 'crab_QCD_1000-1500', 'cacheurl': u'https://cmsweb.cern.ch/crabcache', 'nonprodsw': 0, 'tfileoutfiles': ['THISROOTFILE.root'], 'oneEventMode': 0, 'debugfilename': '9099b84d7369cffb1f02d4a19160aee0c2a32ad81f2f891efec1c79debe482e1.tar.gz', 'saveoutput': 1, 'publication': 0, 'jobarch': 'slc6_amd64_gcc630', 'totalunits': 0, 'splitalgo': 'FileBased', 'ignoreglobalblacklist': 0, 'nonvaliddata': 0, 'dbsurl': 'https://cmsweb.cern.ch/dbs/prod/global/DBSReader', 'publishgroupname': 0, 'jobtype': 'Analysis', 'siteblacklist': [], 'publishname2': 'analysis'} 
DEBUG 2018-03-02 12:20:17,811: 	 Encoded submit request: maxjobruntime=1250&ignorelocality=0&savelogsflag=1&useparent=0&asyncdest=T3_US_FNALLPC&algoargs=1&cachefilename=ccd141939f3a48cd892f2521853b15b3365c44e3588ee018d082f5111e25b17a.tar.gz&numcores=1&generator=pythia&maxmemory=2000&publishdbsurl=https%3A%2F%2Fcmsweb.cern.ch%2Fdbs%2Fprod%2Fphys03%2FDBSWriter&priority=10&jobsw=CMSSW_9_4_0&primarydataset=&inputdata=%2FQCD_HT1000to1500_TuneCUETP8M1_13TeV-madgraphMLM-pythia8%2FRunIISummer17MiniAOD-92X_upgrade2017_realistic_v10-v2%2FMINIAODSIM&lfn=%2Fstore%2Fuser%2Fzhixing%2FGravitonToQuarkQuark%2F&dryrun=0&workflow=crab_QCD_1000-1500&cacheurl=https%3A%2F%2Fcmsweb.cern.ch%2Fcrabcache&nonprodsw=0&oneEventMode=0&debugfilename=9099b84d7369cffb1f02d4a19160aee0c2a32ad81f2f891efec1c79debe482e1.tar.gz&saveoutput=1&publication=0&jobarch=slc6_amd64_gcc630&totalunits=0&splitalgo=FileBased&ignoreglobalblacklist=0&nonvaliddata=0&dbsurl=https%3A%2F%2Fcmsweb.cern.ch%2Fdbs%2Fprod%2Fglobal%2FDBSReader&publishgroupname=0&jobtype=Analysis&publishname2=analysis&tfileoutfiles=THISROOTFILE.root&extrajdl=%2BCMS_ALLOW_OVERFLOW%3DFalse
DEBUG 2018-03-02 12:20:20,154: 	 Result: {u'result': [{u'RequestName': u'180302_182019:zhixing_crab_QCD_1000-1500'}]}
INFO 2018-03-02 12:20:20,157: 	 Success: Your task has been delivered to the CRAB3 server.
INFO 2018-03-02 12:20:20,157: 	 Task name: 180302_182019:zhixing_crab_QCD_1000-1500
INFO 2018-03-02 12:20:20,157: 	 Please use 'crab status' to check how the submission process proceeds.
DEBUG 2018-03-02 12:20:20,158: 	 About to return
INFO 2018-03-02 12:20:20,163: 	 Log file is /uscms_data/d3/zwang2/CMSSW_9_4_0/src/CMSDIJET/DijetRootTreeMaker/crab_jobs/crab_QCD_1000-1500/crab.log
DEBUG 2018-03-02 14:46:41,609: 	 Executing command: 'resubmit'
DEBUG 2018-03-02 14:46:41,609: 	 Found CRAB cache file /uscms/home/zwang2/.crab3
DEBUG 2018-03-02 14:46:41,638: 	 Checking credentials
DEBUG 2018-03-02 14:46:41,639: 	 Found proxy file /tmp/x509up_u49846
DEBUG 2018-03-02 14:46:41,639: 	 Getting proxy life time left
DEBUG 2018-03-02 14:46:41,741: 	 Executing : 
 command : voms-proxy-info -file /tmp/x509up_u49846 -timeleft
 output : 0

 error: 
 retcode : 0
DEBUG 2018-03-02 14:46:41,741: 	 Proxy valid for 00:00:00 hours
DEBUG 2018-03-02 14:46:41,741: 	 Creating new proxy for 24:00 hours with VO group '' and VO role 'NULL'.
DEBUG 2018-03-02 14:46:48,053: 	 Executing : 
 command : voms-proxy-init -voms cms:/cms -valid 24:00 -rfc
 output : None
 error: None
 retcode : 0
DEBUG 2018-03-02 14:46:48,156: 	 Executing : 
 command : voms-proxy-info -file /tmp/x509up_u49846 -timeleft
 output : 86399

 error: 
 retcode : 0
DEBUG 2018-03-02 14:46:48,259: 	 Executing : 
 command : voms-proxy-info -file /tmp/x509up_u49846 -actimeleft
 output : 86399

 error: 
 retcode : 0
DEBUG 2018-03-02 14:46:48,361: 	 Executing : 
 command : env X509_USER_PROXY=/tmp/x509up_u49846 voms-proxy-info -fqan
 output : /cms/Role=NULL/Capability=NULL
/cms/uscms/Role=NULL/Capability=NULL

 error: 
 retcode : 0
DEBUG 2018-03-02 14:46:48,362: 	 Proxy created.
DEBUG 2018-03-02 14:46:48,470: 	 Executing : 
 command : openssl x509 -in ~/.globus/usercert.pem -subject -noout
 output : subject= /DC=ch/DC=cern/OU=Organic Units/OU=Users/CN=zhixing/CN=764028/CN=Zhixing Wang

 error: 
 retcode : 0
DEBUG 2018-03-02 14:46:48,470: 	 Checking credentials
DEBUG 2018-03-02 14:46:48,470: 	 Found proxy file /tmp/x509up_u49846
DEBUG 2018-03-02 14:46:48,470: 	 Getting proxy life time left
DEBUG 2018-03-02 14:46:48,573: 	 Executing : 
 command : voms-proxy-info -file /tmp/x509up_u49846 -timeleft
 output : 86399

 error: 
 retcode : 0
DEBUG 2018-03-02 14:46:48,675: 	 Executing : 
 command : voms-proxy-info -file /tmp/x509up_u49846 -actimeleft
 output : 86399

 error: 
 retcode : 0
DEBUG 2018-03-02 14:46:48,675: 	 Proxy valid for 23:59:59 hours
DEBUG 2018-03-02 14:46:50,206: 	 Registering user credentials for server /DC=ch/DC=cern/OU=computers/CN=vocms(045|052|021|031|0118|0118a|0119|0108|0105|0109).cern.ch
DEBUG 2018-03-02 14:46:50,311: 	 Executing : 
 command : openssl x509 -in ~/.globus/usercert.pem -subject -noout
 output : subject= /DC=ch/DC=cern/OU=Organic Units/OU=Users/CN=zhixing/CN=764028/CN=Zhixing Wang

 error: 
 retcode : 0
DEBUG 2018-03-02 14:46:50,312: 	 Getting myproxy life time left for myproxy.cern.ch
DEBUG 2018-03-02 14:46:50,312: 	 Calculating hash of /DC=ch/DC=cern/OU=Organic Units/OU=Users/CN=zhixing/CN=764028/CN=Zhixing Wang_cmsweb.cern.ch for credential name
DEBUG 2018-03-02 14:46:51,216: 	 Executing : 
 command : myproxy-info -l 4ee4034cd45d4b67464d1859f7b5d936a2b5fc13 -s myproxy.cern.ch
 output : username: 4ee4034cd45d4b67464d1859f7b5d936a2b5fc13
owner: /DC=ch/DC=cern/OU=Organic Units/OU=Users/CN=zhixing/CN=764028/CN=Zhixing Wang
  renewal policy: /DC=ch/DC=cern/OU=computers/CN=vocms(045|052|021|031|0118|0118a|0119|0108|0105|0109).cern.ch
  trusted retrieval policy: /DC=ch/DC=cern/OU=computers/CN=vocms(045|052|021|031|0118|0118a|0119|0108|0105|0109).cern.ch
  timeleft: 697:48:59  (29.1 days)

 error: 
 retcode : 0
DEBUG 2018-03-02 14:46:51,217: 	 Myproxy is valid: 2512139
DEBUG 2018-03-02 14:46:51,218: 	 Command use: resubmit
DEBUG 2018-03-02 14:46:51,218: 	 Options use: ['-d', 'crab_QCD_1000-1500']
DEBUG 2018-03-02 14:46:52,735: 	 CRABClient version: 3.3.1802
DEBUG 2018-03-02 14:46:52,736: 	 Instance is prod
DEBUG 2018-03-02 14:46:52,736: 	 Server base url is cmsweb.cern.ch
DEBUG 2018-03-02 14:46:52,736: 	 Command url /crabserver/prod/workflow
DEBUG 2018-03-02 14:46:52,736: 	 Executing command: 'status'
DEBUG 2018-03-02 14:46:52,736: 	 Found CRAB cache file /uscms/home/zwang2/.crab3
DEBUG 2018-03-02 14:46:52,742: 	 Checking credentials
DEBUG 2018-03-02 14:46:52,743: 	 Found proxy file /tmp/x509up_u49846
DEBUG 2018-03-02 14:46:52,743: 	 Getting proxy life time left
DEBUG 2018-03-02 14:46:52,845: 	 Executing : 
 command : voms-proxy-info -file /tmp/x509up_u49846 -timeleft
 output : 86395

 error: 
 retcode : 0
DEBUG 2018-03-02 14:46:52,947: 	 Executing : 
 command : voms-proxy-info -file /tmp/x509up_u49846 -actimeleft
 output : 86395

 error: 
 retcode : 0
DEBUG 2018-03-02 14:46:52,948: 	 Proxy valid for 23:59:55 hours
DEBUG 2018-03-02 14:46:53,057: 	 Executing : 
 command : openssl x509 -in ~/.globus/usercert.pem -subject -noout
 output : subject= /DC=ch/DC=cern/OU=Organic Units/OU=Users/CN=zhixing/CN=764028/CN=Zhixing Wang

 error: 
 retcode : 0
DEBUG 2018-03-02 14:46:53,057: 	 Checking credentials
DEBUG 2018-03-02 14:46:53,057: 	 Found proxy file /tmp/x509up_u49846
DEBUG 2018-03-02 14:46:53,057: 	 Getting proxy life time left
DEBUG 2018-03-02 14:46:53,159: 	 Executing : 
 command : voms-proxy-info -file /tmp/x509up_u49846 -timeleft
 output : 86394

 error: 
 retcode : 0
DEBUG 2018-03-02 14:46:53,262: 	 Executing : 
 command : voms-proxy-info -file /tmp/x509up_u49846 -actimeleft
 output : 86394

 error: 
 retcode : 0
DEBUG 2018-03-02 14:46:53,262: 	 Proxy valid for 23:59:54 hours
DEBUG 2018-03-02 14:46:54,806: 	 Registering user credentials for server /DC=ch/DC=cern/OU=computers/CN=vocms(045|052|021|031|0118|0118a|0119|0108|0105|0109).cern.ch
DEBUG 2018-03-02 14:46:54,911: 	 Executing : 
 command : openssl x509 -in ~/.globus/usercert.pem -subject -noout
 output : subject= /DC=ch/DC=cern/OU=Organic Units/OU=Users/CN=zhixing/CN=764028/CN=Zhixing Wang

 error: 
 retcode : 0
DEBUG 2018-03-02 14:46:54,912: 	 Getting myproxy life time left for myproxy.cern.ch
DEBUG 2018-03-02 14:46:54,912: 	 Calculating hash of /DC=ch/DC=cern/OU=Organic Units/OU=Users/CN=zhixing/CN=764028/CN=Zhixing Wang_cmsweb.cern.ch for credential name
DEBUG 2018-03-02 14:46:55,615: 	 Executing : 
 command : myproxy-info -l 4ee4034cd45d4b67464d1859f7b5d936a2b5fc13 -s myproxy.cern.ch
 output : username: 4ee4034cd45d4b67464d1859f7b5d936a2b5fc13
owner: /DC=ch/DC=cern/OU=Organic Units/OU=Users/CN=zhixing/CN=764028/CN=Zhixing Wang
  renewal policy: /DC=ch/DC=cern/OU=computers/CN=vocms(045|052|021|031|0118|0118a|0119|0108|0105|0109).cern.ch
  trusted retrieval policy: /DC=ch/DC=cern/OU=computers/CN=vocms(045|052|021|031|0118|0118a|0119|0108|0105|0109).cern.ch
  timeleft: 697:48:55  (29.1 days)

 error: 
 retcode : 0
DEBUG 2018-03-02 14:46:55,615: 	 Myproxy is valid: 2512135
DEBUG 2018-03-02 14:46:55,615: 	 Command use: status
DEBUG 2018-03-02 14:46:55,615: 	 Options use: []
DEBUG 2018-03-02 14:46:57,123: 	 CRABClient version: 3.3.1802
DEBUG 2018-03-02 14:46:57,123: 	 Instance is prod
DEBUG 2018-03-02 14:46:57,123: 	 Server base url is cmsweb.cern.ch
DEBUG 2018-03-02 14:46:57,123: 	 Command url /crabserver/prod/workflow
DEBUG 2018-03-02 14:46:58,640: 	 Got information from server oracle database: {u'result': [u'180302_182019:zhixing_crab_QCD_1000-1500', u'None', u'None', u'SUBMITTED', u'SUBMIT', u'2018-03-02 18:20:20.090374', u'None', u'2018-03-02 18:21:25.529827', u'None', u'CMSSW_9_4_0', u'slc6_amd64_gcc630', u'/QCD_HT1000to1500_TuneCUETP8M1_13TeV-madgraphMLM-pythia8/RunIISummer17MiniAOD-92X_upgrade2017_realistic_v10-v2/MINIAODSIM', u'F', u'0', u'[]', u'[]', u'FileBased', u"{'splitOnRun': False, 'halt_job_on_file_boundaries': False, 'files_per_job': 1, 'runs': [], 'lumis': []}", u'0', u'ccd141939f3a48cd892f2521853b15b3365c44e3588ee018d082f5111e25b17a.tar.gz', u'https://cmsweb.cern.ch/crabcache', u'zhixing', u'/DC=ch/DC=cern/OU=Organic Units/OU=Users/CN=zhixing/CN=764028/CN=Zhixing Wang', u'cms', u'None', u'None', u'analysis-00000000000000000000000000000000', u'F', u'T3_US_FNALLPC', u'https://cmsweb.cern.ch/dbs/prod/global/DBSReader', u'https://cmsweb.cern.ch/dbs/prod/phys03/DBSWriter', u'F', u'[]', u"['THISROOTFILE.root']", u'[]', u'Analysis', u'pythia', u'None', u'{}', u'[]', u'T', u'vocms052', u'[]', u'1250', u'1', u'2000', u'10', u'None', u'[]', u'http://vocms0196.cern.ch/mon/cms466/180302_182019:zhixing_crab_QCD_1000-1500', u'None', u'[]', u"['+CMS_ALLOW_OVERFLOW=False']", u'https://cmsweb.cern.ch/crabserver/prod', u'cmsgwms-collector-global.cern.ch:9620,cmssrv221.fnal.gov:9620', u'crab3@vocms0196.cern.ch', u'F', u'[]', u'T', u'/store/user/zhixing/GravitonToQuarkQuark/', u'F', u'None', u'F', u'None', u'QCD_HT1000to1500_TuneCUETP8M1_13TeV-madgraphMLM-pythia8', u'None', u'9099b84d7369cffb1f02d4a19160aee0c2a32ad81f2f891efec1c79debe482e1.tar.gz', u'18234511', u'filetransfers', u'F', u'131.225.190.76'], u'desc': {u'columns': [u'tm_taskname', u'tm_activity', u'panda_jobset_id', u'tm_task_status', u'tm_task_command', u'tm_start_time', u'tm_start_injection', u'tm_end_injection', u'tm_task_failure', u'tm_job_sw', u'tm_job_arch', u'tm_input_dataset', u'tm_nonvalid_input_dataset', u'tm_use_parent', u'tm_site_whitelist', u'tm_site_blacklist', u'tm_split_algo', u'tm_split_args', u'tm_totalunits', u'tm_user_sandbox', u'tm_cache_url', u'tm_username', u'tm_user_dn', u'tm_user_vo', u'tm_user_role', u'tm_user_group', u'tm_publish_name', u'tm_publish_groupname', u'tm_asyncdest', u'tm_dbs_url', u'tm_publish_dbs_url', u'tm_publication', u'tm_outfiles', u'tm_tfile_outfiles', u'tm_edm_outfiles', u'tm_job_type', u'tm_generator', u'tm_events_per_lumi', u'tm_arguments', u'panda_resubmitted_jobs', u'tm_save_logs', u'tw_name', u'tm_user_infiles', u'tm_maxjobruntime', u'tm_numcores', u'tm_maxmemory', u'tm_priority', u'tm_output_dataset', u'tm_task_warnings', u'tm_user_webdir', u'tm_scriptexe', u'tm_scriptargs', u'tm_extrajdl', u'tm_asourl', u'tm_collector', u'tm_schedd', u'tm_dry_run', u'tm_user_files', u'tm_transfer_outputs', u'tm_output_lfn', u'tm_ignore_locality', u'tm_fail_limit', u'tm_one_event_mode', u'tm_secondary_input_dataset', u'tm_primary_dataset', u'tm_last_publication', u'tm_debug_files', u'clusterid', u'tm_asodb', u'tm_ignore_global_blacklist', u'tm_submitter_ip_addr']}}
INFO 2018-03-02 14:46:58,641: 	 CRAB project directory:		/uscms_data/d3/zwang2/CMSSW_9_4_0/src/CMSDIJET/DijetRootTreeMaker/crab_jobs/crab_QCD_1000-1500
INFO 2018-03-02 14:46:58,641: 	 Task name:			180302_182019:zhixing_crab_QCD_1000-1500
INFO 2018-03-02 14:46:58,641: 	 Grid scheduler:			crab3@vocms0196.cern.ch
INFO 2018-03-02 14:46:58,641: 	 Status on the CRAB server:	SUBMITTED
INFO 2018-03-02 14:46:58,641: 	 Task URL to use for HELP:	https://cmsweb.cern.ch/crabserver/ui/task/180302_182019%3Azhixing_crab_QCD_1000-1500
INFO 2018-03-02 14:46:58,641: 	 Dashboard monitoring URL:	http://dashb-cms-job.cern.ch/dashboard/templates/task-analysis/#user=zhixing&refresh=0&table=Jobs&p=1&records=25&activemenu=2&status=&site=&tid=180302_182019%3Azhixing_crab_QCD_1000-1500
DEBUG 2018-03-02 14:46:58,641: 	 The CRAB server submitted your task to the Grid scheduler (cluster ID: 18234511)
DEBUG 2018-03-02 14:46:58,641: 	 Webdir is located at http://vocms0196.cern.ch/mon/cms466/180302_182019:zhixing_crab_QCD_1000-1500
DEBUG 2018-03-02 14:47:00,159: 	 Proxied webdir is located at https://cmsweb.cern.ch/scheddmon/0196/cms466/180302_182019:zhixing_crab_QCD_1000-1500
DEBUG 2018-03-02 14:47:00,159: 	 Retrieving 'status_cache' file from https://cmsweb.cern.ch/scheddmon/0196/cms466/180302_182019:zhixing_crab_QCD_1000-1500/status_cache
DEBUG 2018-03-02 14:47:01,746: 	 Got information from status cache file: {'30': {'Retries': 0, 'WallDurations': [0, 832.0], 'StartTimes': [1520015243.0], 'SubmitTimes': [1520014914.0], 'JobIds': ['18234546.0'], 'EndTimes': [1520016075.0], 'Restarts': 0, 'RecordedSite': True, 'State': 'finished', 'ResidentSetSize': [694180], 'TotalUserCpuTimeHistory': [647], 'SiteHistory': ['Unknown', 'T2_US_UCSD'], 'TotalSysCpuTimeHistory': [25]}, '28': {'Retries': 0, 'WallDurations': [0, 240.0], 'StartTimes': [1520015243.0], 'SubmitTimes': [1520014913.0], 'JobIds': ['18234544.0'], 'EndTimes': [1520015483.0], 'Restarts': 0, 'RecordedSite': True, 'State': 'finished', 'ResidentSetSize': [14568], 'TotalUserCpuTimeHistory': [111], 'SiteHistory': ['Unknown', 'T2_US_UCSD'], 'TotalSysCpuTimeHistory': [7]}, '29': {'Retries': 0, 'WallDurations': [0, 353.0], 'StartTimes': [1520015244.0], 'SubmitTimes': [1520014914.0], 'JobIds': ['18234545.0'], 'EndTimes': [1520015597.0], 'Restarts': 0, 'RecordedSite': True, 'State': 'finished', 'ResidentSetSize': [32180], 'TotalUserCpuTimeHistory': [147], 'SiteHistory': ['Unknown', 'T2_US_UCSD'], 'TotalSysCpuTimeHistory': [7]}, '60': {'Retries': 0, 'WallDurations': [10.0, 624.0], 'StartTimes': [1520016263.0], 'SubmitTimes': [1520014946.0], 'JobIds': ['18234634.0'], 'EndTimes': [1520016887.0], 'Restarts': 0, 'RecordedSite': True, 'State': 'finished', 'ResidentSetSize': [688728], 'TotalUserCpuTimeHistory': [437], 'SiteHistory': ['Unknown', 'T2_US_UCSD'], 'TotalSysCpuTimeHistory': [11]}, '35': {'Retries': 0, 'WallDurations': [8.0, 138.0], 'StartTimes': [1520015455.0], 'SubmitTimes': [1520014915.0], 'JobIds': ['18234554.0'], 'EndTimes': [1520015593.0], 'Restarts': 0, 'RecordedSite': True, 'State': 'finished', 'ResidentSetSize': [15564], 'TotalUserCpuTimeHistory': [56], 'SiteHistory': ['Unknown', 'T2_US_UCSD'], 'TotalSysCpuTimeHistory': [7]}, '34': {'Retries': 0, 'WallDurations': [9.0, 525.0], 'StartTimes': [1520015718.0], 'SubmitTimes': [1520014916.0], 'JobIds': ['18234556.0'], 'EndTimes': [1520016243.0], 'Restarts': 0, 'RecordedSite': True, 'State': 'finished', 'ResidentSetSize': [692624], 'TotalUserCpuTimeHistory': [388], 'SiteHistory': ['Unknown', 'T2_US_UCSD'], 'TotalSysCpuTimeHistory': [17]}, '23': {'Retries': 0, 'WallDurations': [10.0, 738.0], 'StartTimes': [1520015238.0], 'SubmitTimes': [1520014912.0], 'JobIds': ['18234539.0'], 'EndTimes': [1520015976.0], 'Restarts': 0, 'RecordedSite': True, 'State': 'finished', 'ResidentSetSize': [691868], 'TotalUserCpuTimeHistory': [584], 'SiteHistory': ['Unknown', 'T2_US_UCSD'], 'TotalSysCpuTimeHistory': [24]}, '24': {'Retries': 0, 'WallDurations': [10.0, 461.0], 'StartTimes': [1520015404.0], 'SubmitTimes': [1520014912.0], 'JobIds': ['18234540.0'], 'EndTimes': [1520015865.0], 'Restarts': 0, 'RecordedSite': True, 'State': 'finished', 'ResidentSetSize': [667924], 'TotalUserCpuTimeHistory': [327], 'SiteHistory': ['Unknown', 'T2_US_UCSD'], 'TotalSysCpuTimeHistory': [17]}, '25': {'Retries': 0, 'WallDurations': [9.0, 402.0], 'StartTimes': [1520015405.0], 'SubmitTimes': [1520014912.0], 'JobIds': ['18234541.0'], 'EndTimes': [1520015807.0], 'Restarts': 0, 'RecordedSite': True, 'State': 'finished', 'ResidentSetSize': [667820], 'TotalUserCpuTimeHistory': [275], 'SiteHistory': ['Unknown', 'T2_US_UCSD'], 'TotalSysCpuTimeHistory': [12]}, '26': {'Retries': 0, 'WallDurations': [0, 111.0], 'StartTimes': [1520015243.0], 'SubmitTimes': [1520014913.0], 'JobIds': ['18234542.0'], 'EndTimes': [1520015354.0], 'Restarts': 0, 'RecordedSite': True, 'State': 'finished', 'ResidentSetSize': [25708], 'TotalUserCpuTimeHistory': [12], 'SiteHistory': ['Unknown', 'T2_US_UCSD'], 'TotalSysCpuTimeHistory': [2]}, '27': {'Retries': 0, 'WallDurations': [0, 407.0], 'StartTimes': [1520015244.0], 'SubmitTimes': [1520014913.0], 'JobIds': ['18234543.0'], 'EndTimes': [1520015651.0], 'Restarts': 0, 'RecordedSite': True, 'State': 'finished', 'ResidentSetSize': [641828], 'TotalUserCpuTimeHistory': [297], 'SiteHistory': ['Unknown', 'T2_US_UCSD'], 'TotalSysCpuTimeHistory': [12]}, '20': {'Retries': 0, 'WallDurations': [8.0, 640.0], 'StartTimes': [1520015613.0], 'SubmitTimes': [1520014912.0], 'JobIds': ['18234537.0'], 'EndTimes': [1520016253.0], 'Restarts': 0, 'RecordedSite': True, 'State': 'finished', 'ResidentSetSize': [688584], 'TotalUserCpuTimeHistory': [524], 'SiteHistory': ['Unknown', 'T2_US_UCSD'], 'TotalSysCpuTimeHistory': [12]}, '21': {'Retries': 0, 'WallDurations': [0, 421.0], 'StartTimes': [1520015848.0], 'SubmitTimes': [1520014946.0], 'JobIds': ['18234635.0'], 'EndTimes': [1520016269.0], 'Restarts': 0, 'RecordedSite': True, 'State': 'finished', 'ResidentSetSize': [682180], 'TotalUserCpuTimeHistory': [225], 'SiteHistory': ['Unknown', 'T2_US_Florida'], 'TotalSysCpuTimeHistory': [4]}, '22': {'Retries': 0, 'WallDurations': [0, 531.0], 'StartTimes': [1520015243.0], 'SubmitTimes': [1520014912.0], 'JobIds': ['18234538.0'], 'EndTimes': [1520015774.0], 'Restarts': 0, 'RecordedSite': True, 'State': 'finished', 'ResidentSetSize': [652448], 'TotalUserCpuTimeHistory': [391], 'SiteHistory': ['Unknown', 'T2_US_UCSD'], 'TotalSysCpuTimeHistory': [17]}, '49': {'Retries': 0, 'WallDurations': [10.0, 515.0], 'StartTimes': [1520015591.0], 'SubmitTimes': [1520014937.0], 'JobIds': ['18234604.0'], 'EndTimes': [1520016106.0], 'Restarts': 0, 'RecordedSite': True, 'State': 'finished', 'ResidentSetSize': [512476], 'TotalUserCpuTimeHistory': [382], 'SiteHistory': ['Unknown', 'T2_US_UCSD'], 'TotalSysCpuTimeHistory': [19]}, '46': {'Retries': 0, 'WallDurations': [9.0, 535.0], 'StartTimes': [1520015591.0], 'SubmitTimes': [1520014935.0], 'JobIds': ['18234601.0'], 'EndTimes': [1520016126.0], 'Restarts': 0, 'RecordedSite': True, 'State': 'finished', 'ResidentSetSize': [506608], 'TotalUserCpuTimeHistory': [315], 'SiteHistory': ['Unknown', 'T2_US_UCSD'], 'TotalSysCpuTimeHistory': [27]}, '47': {'Retries': 0, 'WallDurations': [8.0, 732.0], 'StartTimes': [1520015592.0], 'SubmitTimes': [1520014935.0], 'JobIds': ['18234602.0'], 'EndTimes': [1520016324.0], 'Restarts': 0, 'RecordedSite': True, 'State': 'finished', 'ResidentSetSize': [611556], 'TotalUserCpuTimeHistory': [556], 'SiteHistory': ['Unknown', 'T2_US_UCSD'], 'TotalSysCpuTimeHistory': [23]}, '44': {'Retries': 0, 'WallDurations': [9.0, 1239.0], 'StartTimes': [1520015590.0], 'SubmitTimes': [1520014934.0], 'JobIds': ['18234599.0'], 'EndTimes': [1520016829.0], 'Restarts': 0, 'RecordedSite': True, 'State': 'finished', 'ResidentSetSize': [695064], 'TotalUserCpuTimeHistory': [909], 'SiteHistory': ['Unknown', 'T2_US_UCSD'], 'TotalSysCpuTimeHistory': [36]}, '45': {'Retries': 0, 'WallDurations': [9.0, 382.0], 'StartTimes': [1520015591.0], 'SubmitTimes': [1520014934.0], 'JobIds': ['18234600.0'], 'EndTimes': [1520015973.0], 'Restarts': 0, 'RecordedSite': True, 'State': 'finished', 'ResidentSetSize': [603444], 'TotalUserCpuTimeHistory': [276], 'SiteHistory': ['Unknown', 'T2_US_UCSD'], 'TotalSysCpuTimeHistory': [14]}, '42': {'Retries': 0, 'WallDurations': [9.0, 1098.0], 'StartTimes': [1520015591.0], 'SubmitTimes': [1520014927.0], 'JobIds': ['18234579.0'], 'EndTimes': [1520016689.0], 'Restarts': 0, 'RecordedSite': True, 'State': 'finished', 'ResidentSetSize': [706568], 'TotalUserCpuTimeHistory': [759], 'SiteHistory': ['Unknown', 'T2_US_UCSD'], 'TotalSysCpuTimeHistory': [37]}, '43': {'Retries': 0, 'WallDurations': [9.0, 403.0], 'StartTimes': [1520015590.0], 'SubmitTimes': [1520014934.0], 'JobIds': ['18234598.0'], 'EndTimes': [1520015993.0], 'Restarts': 0, 'RecordedSite': True, 'State': 'finished', 'ResidentSetSize': [678680], 'TotalUserCpuTimeHistory': [296], 'SiteHistory': ['Unknown', 'T2_US_UCSD'], 'TotalSysCpuTimeHistory': [11]}, '40': {'Retries': 0, 'WallDurations': [8.0, 450.0], 'StartTimes': [1520015820.0], 'SubmitTimes': [1520014925.0], 'JobIds': ['18234576.0'], 'EndTimes': [1520016270.0], 'Restarts': 0, 'RecordedSite': True, 'State': 'finished', 'ResidentSetSize': [686700], 'TotalUserCpuTimeHistory': [322], 'SiteHistory': ['Unknown', 'T2_US_UCSD'], 'TotalSysCpuTimeHistory': [22]}, '41': {'Retries': 0, 'WallDurations': [10.0, 218.0], 'StartTimes': [1520016028.0], 'SubmitTimes': [1520014926.0], 'JobIds': ['18234577.0'], 'EndTimes': [1520016246.0], 'Restarts': 0, 'RecordedSite': True, 'State': 'finished', 'ResidentSetSize': [25408], 'TotalUserCpuTimeHistory': [122], 'SiteHistory': ['Unknown', 'T2_US_UCSD'], 'TotalSysCpuTimeHistory': [9]}, '1': {'Retries': 0, 'WallDurations': [9.0, 464.0], 'StartTimes': [1520015850.0], 'SubmitTimes': [1520014897.0], 'JobIds': ['18234514.0'], 'EndTimes': [1520016314.0], 'Restarts': 0, 'RecordedSite': True, 'State': 'finished', 'ResidentSetSize': [697580], 'TotalUserCpuTimeHistory': [346], 'SiteHistory': ['Unknown', 'T2_US_UCSD'], 'TotalSysCpuTimeHistory': [7]}, '3': {'Retries': 0, 'WallDurations': [8.0, 1071.0], 'StartTimes': [1520015984.0], 'SubmitTimes': [1520014898.0], 'JobIds': ['18234516.0'], 'EndTimes': [1520017055.0], 'Restarts': 0, 'RecordedSite': True, 'State': 'finished', 'ResidentSetSize': [793856], 'TotalUserCpuTimeHistory': [816], 'SiteHistory': ['Unknown', 'T2_US_UCSD'], 'TotalSysCpuTimeHistory': [35]}, '2': {'Retries': 0, 'WallDurations': [8.0, 431.0], 'StartTimes': [1520015849.0], 'SubmitTimes': [1520014898.0], 'JobIds': ['18234515.0'], 'EndTimes': [1520016280.0], 'Restarts': 0, 'RecordedSite': True, 'State': 'finished', 'ResidentSetSize': [687308], 'TotalUserCpuTimeHistory': [331], 'SiteHistory': ['Unknown', 'T2_US_UCSD'], 'TotalSysCpuTimeHistory': [8]}, '5': {'Retries': 0, 'WallDurations': [0, 547.0], 'StartTimes': [1520015845.0], 'SubmitTimes': [1520014897.0], 'JobIds': ['18234513.0'], 'EndTimes': [1520016392.0], 'Restarts': 0, 'RecordedSite': True, 'State': 'finished', 'ResidentSetSize': [689184], 'TotalUserCpuTimeHistory': [361], 'SiteHistory': ['Unknown', 'T2_US_Florida'], 'TotalSysCpuTimeHistory': [7]}, '4': {'Retries': 0, 'WallDurations': [9.0, 546.0], 'StartTimes': [1520015860.0], 'SubmitTimes': [1520014899.0], 'JobIds': ['18234517.0'], 'EndTimes': [1520016406.0], 'Restarts': 0, 'RecordedSite': True, 'State': 'finished', 'ResidentSetSize': [681904], 'TotalUserCpuTimeHistory': [362], 'SiteHistory': ['Unknown', 'T2_US_UCSD'], 'TotalSysCpuTimeHistory': [14]}, '7': {'Retries': 0, 'WallDurations': [9.0, 820.0], 'StartTimes': [1520015238.0], 'SubmitTimes': [1520014900.0], 'JobIds': ['18234519.0'], 'EndTimes': [1520016058.0], 'Restarts': 0, 'RecordedSite': True, 'State': 'finished', 'ResidentSetSize': [690200], 'TotalUserCpuTimeHistory': [574], 'SiteHistory': ['Unknown', 'T2_US_UCSD'], 'TotalSysCpuTimeHistory': [28]}, '6': {'Retries': 0, 'WallDurations': [9.0, 1064.0], 'StartTimes': [1520015220.0], 'SubmitTimes': [1520014900.0], 'JobIds': ['18234518.0'], 'EndTimes': [1520016284.0], 'Restarts': 0, 'RecordedSite': True, 'State': 'finished', 'ResidentSetSize': [785748], 'TotalUserCpuTimeHistory': [708], 'SiteHistory': ['Unknown', 'T2_US_UCSD'], 'TotalSysCpuTimeHistory': [34]}, '9': {'Retries': 0, 'WallDurations': [9.0, 438.0], 'StartTimes': [1520015271.0], 'SubmitTimes': [1520014900.0], 'JobIds': ['18234521.0'], 'EndTimes': [1520015709.0], 'Restarts': 0, 'RecordedSite': True, 'State': 'finished', 'ResidentSetSize': [678060], 'TotalUserCpuTimeHistory': [239], 'SiteHistory': ['Unknown', 'T2_US_UCSD'], 'TotalSysCpuTimeHistory': [7]}, '8': {'Retries': 0, 'WallDurations': [10.0, 203.0], 'StartTimes': [1520015238.0], 'SubmitTimes': [1520014900.0], 'JobIds': ['18234520.0'], 'EndTimes': [1520015441.0], 'Restarts': 0, 'RecordedSite': True, 'State': 'finished', 'ResidentSetSize': [2648], 'TotalUserCpuTimeHistory': [35], 'SiteHistory': ['Unknown', 'T2_US_UCSD'], 'TotalSysCpuTimeHistory': [2]}, '18': {'Retries': 0, 'WallDurations': [9.0, 542.0], 'StartTimes': [1520015400.0], 'SubmitTimes': [1520014902.0], 'JobIds': ['18234530.0'], 'EndTimes': [1520015942.0], 'Restarts': 0, 'RecordedSite': True, 'State': 'finished', 'ResidentSetSize': [686884], 'TotalUserCpuTimeHistory': [384], 'SiteHistory': ['Unknown', 'T2_US_UCSD'], 'TotalSysCpuTimeHistory': [19]}, '13': {'Retries': 0, 'WallDurations': [10.0, 279.0], 'StartTimes': [1520015238.0], 'SubmitTimes': [1520014901.0], 'JobIds': ['18234525.0'], 'EndTimes': [1520015517.0], 'Restarts': 0, 'RecordedSite': True, 'State': 'transferring', 'ResidentSetSize': [18036], 'TotalUserCpuTimeHistory': [151], 'SiteHistory': ['Unknown', 'T2_US_UCSD'], 'TotalSysCpuTimeHistory': [6]}, '12': {'Retries': 0, 'WallDurations': [10.0, 366.0], 'StartTimes': [1520015238.0], 'SubmitTimes': [1520014901.0], 'JobIds': ['18234524.0'], 'EndTimes': [1520015604.0], 'Restarts': 0, 'RecordedSite': True, 'State': 'transferring', 'ResidentSetSize': [688536], 'TotalUserCpuTimeHistory': [276], 'SiteHistory': ['Unknown', 'T2_US_UCSD'], 'TotalSysCpuTimeHistory': [6]}, '15': {'Retries': 0, 'WallDurations': [102.0, 117.793466091156], 'StartTimes': [1520015431.0], 'SubmitTimes': [1520014902.0], 'JobIds': ['18234527.0'], 'EndTimes': [1520015533.0], 'Restarts': 0, 'RecordedSite': True, 'State': 'failed', 'ResidentSetSize': [24264], 'TotalUserCpuTimeHistory': [0], 'SiteHistory': ['Unknown', 'T2_US_Florida'], 'TotalSysCpuTimeHistory': [0]}, '32': {'Retries': 0, 'WallDurations': [9.0, 1033.0], 'StartTimes': [1520015572.0], 'SubmitTimes': [1520014915.0], 'JobIds': ['18234550.0'], 'EndTimes': [1520016605.0], 'Restarts': 0, 'RecordedSite': True, 'State': 'finished', 'ResidentSetSize': [790472], 'TotalUserCpuTimeHistory': [790], 'SiteHistory': ['Unknown', 'T2_US_UCSD'], 'TotalSysCpuTimeHistory': [36]}, '14': {'Retries': 0, 'WallDurations': [9.0, 734.0], 'StartTimes': [1520015238.0], 'SubmitTimes': [1520014902.0], 'JobIds': ['18234526.0'], 'EndTimes': [1520015972.0], 'Restarts': 0, 'RecordedSite': True, 'State': 'finished', 'ResidentSetSize': [786444], 'TotalUserCpuTimeHistory': [586], 'SiteHistory': ['Unknown', 'T2_US_UCSD'], 'TotalSysCpuTimeHistory': [21]}, '11': {'Retries': 0, 'WallDurations': [10.0, 981.0], 'StartTimes': [1520015238.0], 'SubmitTimes': [1520014901.0], 'JobIds': ['18234523.0'], 'EndTimes': [1520016219.0], 'Restarts': 0, 'RecordedSite': True, 'State': 'finished', 'ResidentSetSize': [786600], 'TotalUserCpuTimeHistory': [735], 'SiteHistory': ['Unknown', 'T2_US_UCSD'], 'TotalSysCpuTimeHistory': [19]}, '10': {'Retries': 0, 'WallDurations': [10.0, 960.0], 'StartTimes': [1520015238.0], 'SubmitTimes': [1520014901.0], 'JobIds': ['18234522.0'], 'EndTimes': [1520016198.0], 'Restarts': 0, 'RecordedSite': True, 'State': 'finished', 'ResidentSetSize': [788512], 'TotalUserCpuTimeHistory': [747], 'SiteHistory': ['Unknown', 'T2_US_UCSD'], 'TotalSysCpuTimeHistory': [17]}, '39': {'Retries': 0, 'WallDurations': [9.0, 630.0], 'StartTimes': [1520015572.0], 'SubmitTimes': [1520014925.0], 'JobIds': ['18234574.0'], 'EndTimes': [1520016202.0], 'Restarts': 0, 'RecordedSite': True, 'State': 'finished', 'ResidentSetSize': [701912], 'TotalUserCpuTimeHistory': [451], 'SiteHistory': ['Unknown', 'T2_US_UCSD'], 'TotalSysCpuTimeHistory': [20]}, '38': {'Retries': 0, 'WallDurations': [183.0, 240.0746328830719], 'StartTimes': [1520016209.0], 'SubmitTimes': [1520014924.0], 'JobIds': ['18234571.0'], 'EndTimes': [1520016392.0], 'Restarts': 0, 'RecordedSite': True, 'State': 'finished', 'ResidentSetSize': [30168], 'TotalUserCpuTimeHistory': [84], 'SiteHistory': ['Unknown', 'T2_US_UCSD'], 'TotalSysCpuTimeHistory': [4]}, '59': {'Retries': 0, 'WallDurations': [8.0, 191.0], 'StartTimes': [1520015825.0], 'SubmitTimes': [1520014946.0], 'JobIds': ['18234632.0'], 'EndTimes': [1520016016.0], 'Restarts': 0, 'RecordedSite': True, 'State': 'finished', 'ResidentSetSize': [2580], 'TotalUserCpuTimeHistory': [93], 'SiteHistory': ['Unknown', 'T2_US_UCSD'], 'TotalSysCpuTimeHistory': [9]}, '58': {'Retries': 0, 'WallDurations': [9.0, 389.0], 'StartTimes': [1520015868.0], 'SubmitTimes': [1520014945.0], 'JobIds': ['18234628.0'], 'EndTimes': [1520016257.0], 'Restarts': 0, 'RecordedSite': True, 'State': 'finished', 'ResidentSetSize': [701632], 'TotalUserCpuTimeHistory': [302], 'SiteHistory': ['Unknown', 'T2_US_UCSD'], 'TotalSysCpuTimeHistory': [5]}, '17': {'Retries': 0, 'WallDurations': [10.0, 285.0], 'StartTimes': [1520015572.0], 'SubmitTimes': [1520014902.0], 'JobIds': ['18234529.0'], 'EndTimes': [1520015857.0], 'Restarts': 0, 'RecordedSite': True, 'State': 'finished', 'ResidentSetSize': [21336], 'TotalUserCpuTimeHistory': [212], 'SiteHistory': ['Unknown', 'T2_US_UCSD'], 'TotalSysCpuTimeHistory': [4]}, '16': {'Retries': 0, 'WallDurations': [10.0, 756.0], 'StartTimes': [1520015526.0], 'SubmitTimes': [1520014902.0], 'JobIds': ['18234528.0'], 'EndTimes': [1520016282.0], 'Restarts': 0, 'RecordedSite': True, 'State': 'finished', 'ResidentSetSize': [786908], 'TotalUserCpuTimeHistory': [601], 'SiteHistory': ['Unknown', 'T2_US_UCSD'], 'TotalSysCpuTimeHistory': [21]}, '19': {'Retries': 0, 'WallDurations': [9.0, 512.0], 'StartTimes': [1520015400.0], 'SubmitTimes': [1520014905.0], 'JobIds': ['18234531.0'], 'EndTimes': [1520015912.0], 'Restarts': 0, 'RecordedSite': True, 'State': 'finished', 'ResidentSetSize': [674288], 'TotalUserCpuTimeHistory': [359], 'SiteHistory': ['Unknown', 'T2_US_UCSD'], 'TotalSysCpuTimeHistory': [22]}, '54': {'Retries': 0, 'WallDurations': [10.0, 893.0], 'StartTimes': [1520015596.0], 'SubmitTimes': [1520014944.0], 'JobIds': ['18234622.0'], 'EndTimes': [1520016489.0], 'Restarts': 0, 'RecordedSite': True, 'State': 'finished', 'ResidentSetSize': [692312], 'TotalUserCpuTimeHistory': [691], 'SiteHistory': ['Unknown', 'T2_US_UCSD'], 'TotalSysCpuTimeHistory': [28]}, '31': {'Retries': 0, 'WallDurations': [9.0, 341.0], 'StartTimes': [1520015250.0], 'SubmitTimes': [1520014914.0], 'JobIds': ['18234548.0'], 'EndTimes': [1520015591.0], 'Restarts': 0, 'RecordedSite': True, 'State': 'finished', 'ResidentSetSize': [683944], 'TotalUserCpuTimeHistory': [242], 'SiteHistory': ['Unknown', 'T2_US_UCSD'], 'TotalSysCpuTimeHistory': [10]}, '56': {'Retries': 0, 'WallDurations': [9.0, 297.0], 'StartTimes': [1520015604.0], 'SubmitTimes': [1520014945.0], 'JobIds': ['18234626.0'], 'EndTimes': [1520015901.0], 'Restarts': 0, 'RecordedSite': True, 'State': 'finished', 'ResidentSetSize': [39684], 'TotalUserCpuTimeHistory': [192], 'SiteHistory': ['Unknown', 'T2_US_UCSD'], 'TotalSysCpuTimeHistory': [8]}, '51': {'Retries': 0, 'WallDurations': [10.0, 591.0], 'StartTimes': [1520015592.0], 'SubmitTimes': [1520014938.0], 'JobIds': ['18234606.0'], 'EndTimes': [1520016183.0], 'Restarts': 0, 'RecordedSite': True, 'State': 'finished', 'ResidentSetSize': [511328], 'TotalUserCpuTimeHistory': [429], 'SiteHistory': ['Unknown', 'T2_US_UCSD'], 'TotalSysCpuTimeHistory': [18]}, '36': {'Retries': 0, 'WallDurations': [102.0, 297.793466091156], 'StartTimes': [1520015251.0], 'SubmitTimes': [1520014922.0], 'JobIds': ['18234567.0'], 'TotalUserCpuTimeHistory': [0], 'EndTimes': [1520015353.0], 'Restarts': 0, 'RecordedSite': True, 'State': 'failed', 'ResidentSetSize': [16900], 'Error': [139, 'CmsRunFailure', {}], 'SiteHistory': ['Unknown', 'T2_US_Florida'], 'TotalSysCpuTimeHistory': [0]}, '53': {'Retries': 0, 'WallDurations': [252.0, 255.0], 'StartTimes': [1520015594.0], 'SubmitTimes': [1520014943.0], 'JobIds': ['18234619.0'], 'EndTimes': [1520015849.0], 'Restarts': 0, 'RecordedSite': True, 'State': 'finished', 'ResidentSetSize': [14384], 'TotalUserCpuTimeHistory': [129], 'SiteHistory': ['Unknown', 'T2_US_UCSD'], 'TotalSysCpuTimeHistory': [10]}, '52': {'Retries': 0, 'WallDurations': [126.0, 253.88727593421936], 'StartTimes': [1520015595.0], 'SubmitTimes': [1520014944.0], 'JobIds': ['18234621.0'], 'EndTimes': [1520015721.0], 'Restarts': 0, 'RecordedSite': True, 'State': 'finished', 'ResidentSetSize': [1256], 'TotalUserCpuTimeHistory': [60], 'SiteHistory': ['Unknown', 'T2_US_UCSD'], 'TotalSysCpuTimeHistory': [6]}, '33': {'Retries': 0, 'WallDurations': [9.0, 560.0], 'StartTimes': [1520016400.0], 'SubmitTimes': [1520014915.0], 'JobIds': ['18234552.0'], 'EndTimes': [1520016960.0], 'Restarts': 0, 'RecordedSite': True, 'State': 'finished', 'ResidentSetSize': [872820], 'TotalUserCpuTimeHistory': [490], 'SiteHistory': ['Unknown', 'T2_US_Florida'], 'TotalSysCpuTimeHistory': [9]}, '55': {'Retries': 0, 'WallDurations': [9.0, 904.0], 'StartTimes': [1520015603.0], 'SubmitTimes': [1520014944.0], 'JobIds': ['18234624.0'], 'EndTimes': [1520016507.0], 'Restarts': 0, 'RecordedSite': True, 'State': 'finished', 'ResidentSetSize': [701600], 'TotalUserCpuTimeHistory': [720], 'SiteHistory': ['Unknown', 'T2_US_UCSD'], 'TotalSysCpuTimeHistory': [31]}, '37': {'Retries': 0, 'WallDurations': [102.0, 296.793466091156], 'StartTimes': [1520015252.0], 'SubmitTimes': [1520014923.0], 'JobIds': ['18234569.0'], 'TotalUserCpuTimeHistory': [0], 'EndTimes': [1520015354.0], 'Restarts': 0, 'RecordedSite': True, 'State': 'failed', 'ResidentSetSize': [16892], 'Error': [139, 'CmsRunFailure', {}], 'SiteHistory': ['Unknown', 'T2_US_Florida'], 'TotalSysCpuTimeHistory': [0]}, '48': {'Retries': 0, 'WallDurations': [9.0, 270.0], 'StartTimes': [1520015592.0], 'SubmitTimes': [1520014936.0], 'JobIds': ['18234603.0'], 'EndTimes': [1520015862.0], 'Restarts': 0, 'RecordedSite': True, 'State': 'finished', 'ResidentSetSize': [13776], 'TotalUserCpuTimeHistory': [124], 'SiteHistory': ['Unknown', 'T2_US_UCSD'], 'TotalSysCpuTimeHistory': [12]}, '57': {'Retries': 0, 'WallDurations': [8.0, 495.0], 'StartTimes': [1520015979.0], 'SubmitTimes': [1520014945.0], 'JobIds': ['18234630.0'], 'EndTimes': [1520016474.0], 'Restarts': 0, 'RecordedSite': True, 'State': 'finished', 'ResidentSetSize': [679592], 'TotalUserCpuTimeHistory': [290], 'SiteHistory': ['Unknown', 'T2_US_UCSD'], 'TotalSysCpuTimeHistory': [14]}, '50': {'Retries': 0, 'WallDurations': [220.0, 255.88727593421936], 'StartTimes': [1520015593.0], 'SubmitTimes': [1520014937.0], 'JobIds': ['18234605.0'], 'EndTimes': [1520015813.0], 'Restarts': 0, 'RecordedSite': True, 'State': 'finished', 'ResidentSetSize': [13440], 'TotalUserCpuTimeHistory': [67], 'SiteHistory': ['Unknown', 'T2_US_UCSD'], 'TotalSysCpuTimeHistory': [11]}}
INFO 2018-03-02 14:47:01,747: 	 Status on the scheduler:	SUBMITTED
INFO 2018-03-02 14:47:01,747: 	 
Jobs status:                    failed          5.0% ( 3/60)
INFO 2018-03-02 14:47:01,747: 	 				finished       91.7% (55/60)
INFO 2018-03-02 14:47:01,747: 	 				transferring    3.3% ( 2/60)
INFO 2018-03-02 14:47:01,747: 	 
No publication information (publication has been disabled in the CRAB configuration file)
INFO 2018-03-02 14:47:01,747: 	 
Error Summary: (use crab status --verboseErrors for details about the errors)

 2 jobs failed with exit code 139

Could not find exit code details for 1 jobs.

Have a look at https://twiki.cern.ch/twiki/bin/viewauth/CMSPublic/JobExitCodes for a description of the exit codes.
DEBUG 2018-03-02 14:47:01,781: 	 Requesting resubmission of failed jobs in task 180302_182019:zhixing_crab_QCD_1000-1500
INFO 2018-03-02 14:47:01,781: 	 Sending resubmit request to the server.
DEBUG 2018-03-02 14:47:01,781: 	 Submitting {'publication': 0, 'jobids': ['15', '36', '37'], 'subresource': 'resubmit2', 'workflow': u'180302_182019:zhixing_crab_QCD_1000-1500'} 
DEBUG 2018-03-02 14:47:01,781: 	 Encoded resubmit request: publication=0&subresource=resubmit2&workflow=180302_182019%3Azhixing_crab_QCD_1000-1500&jobids=15&jobids=36&jobids=37
DEBUG 2018-03-02 14:47:03,323: 	 Result: {u'result': [{u'result': u'ok'}], u'desc': {u'columns': [u'tm_site_blacklist', u'tm_site_whitelist', u'tm_maxjobruntime', u'tm_maxmemory', u'tm_numcores', u'tm_priority']}}
INFO 2018-03-02 14:47:03,323: 	 Resubmit request sent to the server.
INFO 2018-03-02 14:47:03,323: 	 Please use 'crab status' to check how the resubmission process proceeds.
Notice it may take a couple of minutes for the resubmission to get fully processed.
INFO 2018-03-02 14:47:03,354: 	 Log file is /uscms_data/d3/zwang2/CMSSW_9_4_0/src/CMSDIJET/DijetRootTreeMaker/crab_jobs/crab_QCD_1000-1500/crab.log
