DEBUG 2018-03-02 17:18:27,306: 	 Executing command: 'submit'
DEBUG 2018-03-02 17:18:27,307: 	 Found CRAB cache file /uscms/home/zwang2/.crab3
DEBUG 2018-03-02 17:18:27,334: 	 Checking credentials
DEBUG 2018-03-02 17:18:27,334: 	 Found proxy file /tmp/x509up_u49846
DEBUG 2018-03-02 17:18:27,334: 	 Getting proxy life time left
DEBUG 2018-03-02 17:18:27,438: 	 Executing : 
 command : voms-proxy-info -file /tmp/x509up_u49846 -timeleft
 output : 0

 error: 
 retcode : 0
DEBUG 2018-03-02 17:18:27,439: 	 Proxy valid for 00:00:00 hours
DEBUG 2018-03-02 17:18:27,439: 	 Creating new proxy for 24:00 hours with VO group '' and VO role 'NULL'.
DEBUG 2018-03-02 17:18:31,550: 	 Executing : 
 command : voms-proxy-init -voms cms:/cms -valid 24:00 -rfc
 output : None
 error: None
 retcode : 0
DEBUG 2018-03-02 17:18:31,655: 	 Executing : 
 command : voms-proxy-info -file /tmp/x509up_u49846 -timeleft
 output : 86400

 error: 
 retcode : 0
DEBUG 2018-03-02 17:18:31,759: 	 Executing : 
 command : voms-proxy-info -file /tmp/x509up_u49846 -actimeleft
 output : 86400

 error: 
 retcode : 0
DEBUG 2018-03-02 17:18:31,863: 	 Executing : 
 command : env X509_USER_PROXY=/tmp/x509up_u49846 voms-proxy-info -fqan
 output : /cms/Role=NULL/Capability=NULL
/cms/uscms/Role=NULL/Capability=NULL

 error: 
 retcode : 0
DEBUG 2018-03-02 17:18:31,863: 	 Proxy created.
INFO 2018-03-02 17:18:31,864: 	 Will use CRAB configuration file QCD200-300.py
DEBUG 2018-03-02 17:18:31,864: 	 Loading CRAB configuration file.
DEBUG 2018-03-02 17:18:34,539: 	 Will use CRAB Analysis plugin (i.e. will run an analysis job type).
DEBUG 2018-03-02 17:18:34,656: 	 Executing : 
 command : openssl x509 -in ~/.globus/usercert.pem -subject -noout
 output : subject= /DC=ch/DC=cern/OU=Organic Units/OU=Users/CN=zhixing/CN=764028/CN=Zhixing Wang

 error: 
 retcode : 0
DEBUG 2018-03-02 17:18:34,657: 	 Checking credentials
DEBUG 2018-03-02 17:18:34,657: 	 Found proxy file /tmp/x509up_u49846
DEBUG 2018-03-02 17:18:34,657: 	 Getting proxy life time left
DEBUG 2018-03-02 17:18:34,761: 	 Executing : 
 command : voms-proxy-info -file /tmp/x509up_u49846 -timeleft
 output : 86397

 error: 
 retcode : 0
DEBUG 2018-03-02 17:18:34,865: 	 Executing : 
 command : voms-proxy-info -file /tmp/x509up_u49846 -actimeleft
 output : 86397

 error: 
 retcode : 0
DEBUG 2018-03-02 17:18:34,865: 	 Proxy valid for 23:59:57 hours
DEBUG 2018-03-02 17:18:34,969: 	 Executing : 
 command : env X509_USER_PROXY=/tmp/x509up_u49846 voms-proxy-info -fqan
 output : /cms/Role=NULL/Capability=NULL
/cms/uscms/Role=NULL/Capability=NULL

 error: 
 retcode : 0
DEBUG 2018-03-02 17:18:36,931: 	 Registering user credentials for server /DC=ch/DC=cern/OU=computers/CN=vocms(045|052|021|031|0118|0118a|0119|0108|0105|0109).cern.ch
DEBUG 2018-03-02 17:18:37,041: 	 Executing : 
 command : openssl x509 -in ~/.globus/usercert.pem -subject -noout
 output : subject= /DC=ch/DC=cern/OU=Organic Units/OU=Users/CN=zhixing/CN=764028/CN=Zhixing Wang

 error: 
 retcode : 0
DEBUG 2018-03-02 17:18:37,042: 	 Getting myproxy life time left for myproxy.cern.ch
DEBUG 2018-03-02 17:18:37,042: 	 Calculating hash of /DC=ch/DC=cern/OU=Organic Units/OU=Users/CN=zhixing/CN=764028/CN=Zhixing Wang_cmsweb.cern.ch for credential name
DEBUG 2018-03-02 17:18:37,847: 	 Executing : 
 command : myproxy-info -l 4ee4034cd45d4b67464d1859f7b5d936a2b5fc13 -s myproxy.cern.ch
 output : username: 4ee4034cd45d4b67464d1859f7b5d936a2b5fc13
owner: /DC=ch/DC=cern/OU=Organic Units/OU=Users/CN=zhixing/CN=764028/CN=Zhixing Wang
  renewal policy: /DC=ch/DC=cern/OU=computers/CN=vocms(045|052|021|031|0118|0118a|0119|0108|0105|0109).cern.ch
  trusted retrieval policy: /DC=ch/DC=cern/OU=computers/CN=vocms(045|052|021|031|0118|0118a|0119|0108|0105|0109).cern.ch
  timeleft: 695:17:13  (29.0 days)

 error: 
 retcode : 0
DEBUG 2018-03-02 17:18:37,848: 	 Myproxy is valid: 2503033
DEBUG 2018-03-02 17:18:37,848: 	 Command use: submit
DEBUG 2018-03-02 17:18:37,848: 	 Options use: ['QCD200-300.py']
DEBUG 2018-03-02 17:18:39,699: 	 CRABClient version: 3.3.1802
DEBUG 2018-03-02 17:18:39,699: 	 Instance is prod
DEBUG 2018-03-02 17:18:39,699: 	 Server base url is cmsweb.cern.ch
DEBUG 2018-03-02 17:18:39,699: 	 Command url /crabserver/prod/workflow
DEBUG 2018-03-02 17:18:39,699: 	 Started submission
DEBUG 2018-03-02 17:18:39,699: 	 Working on /uscms_data/d3/zwang2/CMSSW_9_4_0/src/CMSDIJET/DijetRootTreeMaker/crab_jobs/crab_QCD_200-300
DEBUG 2018-03-02 17:18:41,651: 	 Loading required information from the environment
DEBUG 2018-03-02 17:18:41,651: 	 Found CMSSW_9_4_0 for slc6_amd64_gcc630 with base /uscms_data/d3/zwang2/CMSSW_9_4_0
DEBUG 2018-03-02 17:18:41,651: 	 Loading required information from the environment
DEBUG 2018-03-02 17:18:41,651: 	 Found CMSSW_9_4_0 for slc6_amd64_gcc630 with base /uscms_data/d3/zwang2/CMSSW_9_4_0
DEBUG 2018-03-02 17:18:41,668: 	 UNIQUE NAME: tarUUID c70edca4-bb43-429e-8946-2a64ce3f361c 
DEBUG 2018-03-02 17:18:41,669: 	 self.config: from WMCore.Configuration import Configuration
config = Configuration()
config.section_('General')
config.General.workArea = '/uscms_data/d3/zwang2/CMSSW_9_4_0/src/CMSDIJET/DijetRootTreeMaker/crab_jobs/'
config.General.transferOutputs = True
config.General.transferLogs = True
config.General.requestName = 'QCD_200-300'
config.section_('JobType')
config.JobType.psetName = '/uscms_data/d3/zwang2/CMSSW_9_4_0/src/CMSDIJET/DijetRootTreeMaker/prod/flat-MC-cfg_miniAOD.py'
config.JobType.pluginName = 'Analysis'
config.section_('Data')
config.Data.inputDataset = '/QCD_HT200to300_TuneCUETP8M1_13TeV-madgraphMLM-pythia8/RunIISummer17MiniAOD-92X_upgrade2017_realistic_v10-v2/MINIAODSIM'
config.Data.outputDatasetTag = 'analysis'
config.Data.publication = False
config.Data.unitsPerJob = 1
config.Data.splitting = 'FileBased'
config.Data.outLFNDirBase = '/store/user/zhixing/GravitonToQuarkQuark/'
config.section_('Site')
config.Site.blacklist = []
config.Site.storageSite = 'T3_US_FNALLPC'
config.section_('User')
config.section_('Debug')
config.Debug.extraJDL = ['+CMS_ALLOW_OVERFLOW=False']

DEBUG 2018-03-02 17:18:41,669: 	 self.config.JobType.psetName: /uscms_data/d3/zwang2/CMSSW_9_4_0/src/CMSDIJET/DijetRootTreeMaker/prod/flat-MC-cfg_miniAOD.py
INFO 2018-03-02 17:18:41,688: 	 Importing CMSSW configuration /uscms_data/d3/zwang2/CMSSW_9_4_0/src/CMSDIJET/DijetRootTreeMaker/prod/flat-MC-cfg_miniAOD.py
INFO 2018-03-02 17:18:45,378: 	 Finished importing CMSSW configuration /uscms_data/d3/zwang2/CMSSW_9_4_0/src/CMSDIJET/DijetRootTreeMaker/prod/flat-MC-cfg_miniAOD.py
DEBUG 2018-03-02 17:18:45,378: 	 Writing CMSSW configuration to /uscms_data/d3/zwang2/CMSSW_9_4_0/src/CMSDIJET/DijetRootTreeMaker/crab_jobs/crab_QCD_200-300/inputs/PSet.py
DEBUG 2018-03-02 17:18:46,539: 	 The following EDM output files will be collected: []
DEBUG 2018-03-02 17:18:46,539: 	 The following TFile output files will be collected: ['THISROOTFILE.root']
DEBUG 2018-03-02 17:18:46,539: 	 The following user output files will be collected: []
DEBUG 2018-03-02 17:18:46,539: 	 Loading required information from the environment
DEBUG 2018-03-02 17:18:46,539: 	 Found CMSSW_9_4_0 for slc6_amd64_gcc630 with base /uscms_data/d3/zwang2/CMSSW_9_4_0
DEBUG 2018-03-02 17:18:46,539: 	 Making tarball in /uscms_data/d3/zwang2/CMSSW_9_4_0/src/CMSDIJET/DijetRootTreeMaker/crab_jobs/crab_QCD_200-300/inputs/c70edca4-bb43-429e-8946-2a64ce3f361cdefault.tgz
DEBUG 2018-03-02 17:18:46,600: 	 Checking directory /uscms_data/d3/zwang2/CMSSW_9_4_0/lib
DEBUG 2018-03-02 17:18:46,600: 	 Adding directory /uscms_data/d3/zwang2/CMSSW_9_4_0/lib to tarball
DEBUG 2018-03-02 17:18:47,216: 	 Checking directory /uscms_data/d3/zwang2/CMSSW_9_4_0/biglib
DEBUG 2018-03-02 17:18:47,216: 	 Adding directory /uscms_data/d3/zwang2/CMSSW_9_4_0/biglib to tarball
DEBUG 2018-03-02 17:18:47,219: 	 Checking directory /uscms_data/d3/zwang2/CMSSW_9_4_0/module
DEBUG 2018-03-02 17:18:47,700: 	 Adding data directory /uscms_data/d3/zwang2/CMSSW_9_4_0/src/CMSDIJET/DijetRootTreeMaker/data to tarball
DEBUG 2018-03-02 17:18:56,321: 	 Adding data directory /uscms_data/d3/zwang2/CMSSW_9_4_0/src/PhysicsTools/PatExamples/interface to tarball
DEBUG 2018-03-02 17:18:56,663: 	 Adding data directory /uscms_data/d3/zwang2/CMSSW_9_4_0/src/PhysicsTools/PatExamples/data to tarball
DEBUG 2018-03-02 17:18:56,856: 	 Uploading archive /uscms_data/d3/zwang2/CMSSW_9_4_0/src/CMSDIJET/DijetRootTreeMaker/crab_jobs/crab_QCD_200-300/inputs/c70edca4-bb43-429e-8946-2a64ce3f361cdefault.tgz (3.553711.1 MB) to the CRAB cache. Using URI https://cmsweb.cern.ch/crabcache
DEBUG 2018-03-02 17:19:03,434: 	 Loading required information from the environment
DEBUG 2018-03-02 17:19:03,434: 	 Found CMSSW_9_4_0 for slc6_amd64_gcc630 with base /uscms_data/d3/zwang2/CMSSW_9_4_0
DEBUG 2018-03-02 17:19:03,434: 	 Making tarball in /uscms_data/d3/zwang2/CMSSW_9_4_0/src/CMSDIJET/DijetRootTreeMaker/crab_jobs/crab_QCD_200-300/inputs/debugFiles.tgz
DEBUG 2018-03-02 17:19:03,461: 	 Uploading archive /uscms_data/d3/zwang2/CMSSW_9_4_0/src/CMSDIJET/DijetRootTreeMaker/crab_jobs/crab_QCD_200-300/inputs/debugFiles.tgz (3 KB) to the CRAB cache. Using URI https://cmsweb.cern.ch/crabcache
DEBUG 2018-03-02 17:19:05,494: 	 Result uploading input files: ccd141939f3a48cd892f2521853b15b3365c44e3588ee018d082f5111e25b17a.tar.gz 
INFO 2018-03-02 17:19:05,494: 	 Sending the request to the server
DEBUG 2018-03-02 17:19:05,495: 	 Submitting {'maxjobruntime': 1250, 'extrajdl': ['+CMS_ALLOW_OVERFLOW=False'], 'ignorelocality': 0, 'savelogsflag': 1, 'useparent': 0, 'asyncdest': 'T3_US_FNALLPC', 'algoargs': 1, 'cachefilename': 'ccd141939f3a48cd892f2521853b15b3365c44e3588ee018d082f5111e25b17a.tar.gz', 'numcores': 1, 'addoutputfiles': [], 'generator': 'pythia', 'maxmemory': 2000, 'publishdbsurl': 'https://cmsweb.cern.ch/dbs/prod/phys03/DBSWriter', 'priority': 10, 'jobsw': 'CMSSW_9_4_0', 'edmoutfiles': [], 'userfiles': [], 'primarydataset': '', 'inputdata': '/QCD_HT200to300_TuneCUETP8M1_13TeV-madgraphMLM-pythia8/RunIISummer17MiniAOD-92X_upgrade2017_realistic_v10-v2/MINIAODSIM', 'lfn': '/store/user/zhixing/GravitonToQuarkQuark/', 'dryrun': 0, 'workflow': 'crab_QCD_200-300', 'cacheurl': u'https://cmsweb.cern.ch/crabcache', 'nonprodsw': 0, 'tfileoutfiles': ['THISROOTFILE.root'], 'oneEventMode': 0, 'debugfilename': '0ce5281f720d577a487e0feeb215b446a6c8a6aafe2cf8d8d80703b574c6c746.tar.gz', 'saveoutput': 1, 'publication': 0, 'jobarch': 'slc6_amd64_gcc630', 'totalunits': 0, 'splitalgo': 'FileBased', 'ignoreglobalblacklist': 0, 'nonvaliddata': 0, 'dbsurl': 'https://cmsweb.cern.ch/dbs/prod/global/DBSReader', 'publishgroupname': 0, 'jobtype': 'Analysis', 'siteblacklist': [], 'publishname2': 'analysis'} 
DEBUG 2018-03-02 17:19:05,495: 	 Encoded submit request: maxjobruntime=1250&ignorelocality=0&savelogsflag=1&useparent=0&asyncdest=T3_US_FNALLPC&algoargs=1&cachefilename=ccd141939f3a48cd892f2521853b15b3365c44e3588ee018d082f5111e25b17a.tar.gz&numcores=1&generator=pythia&maxmemory=2000&publishdbsurl=https%3A%2F%2Fcmsweb.cern.ch%2Fdbs%2Fprod%2Fphys03%2FDBSWriter&priority=10&jobsw=CMSSW_9_4_0&primarydataset=&inputdata=%2FQCD_HT200to300_TuneCUETP8M1_13TeV-madgraphMLM-pythia8%2FRunIISummer17MiniAOD-92X_upgrade2017_realistic_v10-v2%2FMINIAODSIM&lfn=%2Fstore%2Fuser%2Fzhixing%2FGravitonToQuarkQuark%2F&dryrun=0&workflow=crab_QCD_200-300&cacheurl=https%3A%2F%2Fcmsweb.cern.ch%2Fcrabcache&nonprodsw=0&oneEventMode=0&debugfilename=0ce5281f720d577a487e0feeb215b446a6c8a6aafe2cf8d8d80703b574c6c746.tar.gz&saveoutput=1&publication=0&jobarch=slc6_amd64_gcc630&totalunits=0&splitalgo=FileBased&ignoreglobalblacklist=0&nonvaliddata=0&dbsurl=https%3A%2F%2Fcmsweb.cern.ch%2Fdbs%2Fprod%2Fglobal%2FDBSReader&publishgroupname=0&jobtype=Analysis&publishname2=analysis&tfileoutfiles=THISROOTFILE.root&extrajdl=%2BCMS_ALLOW_OVERFLOW%3DFalse
DEBUG 2018-03-02 17:19:07,793: 	 Result: {u'result': [{u'RequestName': u'180302_231907:zhixing_crab_QCD_200-300'}]}
INFO 2018-03-02 17:19:07,796: 	 Success: Your task has been delivered to the CRAB3 server.
INFO 2018-03-02 17:19:07,797: 	 Task name: 180302_231907:zhixing_crab_QCD_200-300
INFO 2018-03-02 17:19:07,797: 	 Please use 'crab status' to check how the submission process proceeds.
DEBUG 2018-03-02 17:19:07,797: 	 About to return
INFO 2018-03-02 17:19:07,803: 	 Log file is /uscms_data/d3/zwang2/CMSSW_9_4_0/src/CMSDIJET/DijetRootTreeMaker/crab_jobs/crab_QCD_200-300/crab.log
