DEBUG 2018-03-02 12:20:49,988: 	 Executing command: 'submit'
DEBUG 2018-03-02 12:20:49,989: 	 Found CRAB cache file /uscms/home/zwang2/.crab3
DEBUG 2018-03-02 12:20:49,997: 	 Checking credentials
DEBUG 2018-03-02 12:20:49,997: 	 Found proxy file /tmp/x509up_u49846
DEBUG 2018-03-02 12:20:49,997: 	 Getting proxy life time left
DEBUG 2018-03-02 12:20:50,100: 	 Executing : 
 command : voms-proxy-info -file /tmp/x509up_u49846 -timeleft
 output : 42931

 error: 
 retcode : 0
DEBUG 2018-03-02 12:20:50,203: 	 Executing : 
 command : voms-proxy-info -file /tmp/x509up_u49846 -actimeleft
 output : 42931

 error: 
 retcode : 0
DEBUG 2018-03-02 12:20:50,204: 	 Proxy valid for 11:55:31 hours
INFO 2018-03-02 12:20:50,204: 	 Will use CRAB configuration file QCD2000-Inf.py
DEBUG 2018-03-02 12:20:50,204: 	 Loading CRAB configuration file.
DEBUG 2018-03-02 12:20:52,593: 	 Will use CRAB Analysis plugin (i.e. will run an analysis job type).
DEBUG 2018-03-02 12:20:52,710: 	 Executing : 
 command : openssl x509 -in ~/.globus/usercert.pem -subject -noout
 output : subject= /DC=ch/DC=cern/OU=Organic Units/OU=Users/CN=zhixing/CN=764028/CN=Zhixing Wang

 error: 
 retcode : 0
DEBUG 2018-03-02 12:20:52,710: 	 Checking credentials
DEBUG 2018-03-02 12:20:52,710: 	 Found proxy file /tmp/x509up_u49846
DEBUG 2018-03-02 12:20:52,710: 	 Getting proxy life time left
DEBUG 2018-03-02 12:20:52,814: 	 Executing : 
 command : voms-proxy-info -file /tmp/x509up_u49846 -timeleft
 output : 42929

 error: 
 retcode : 0
DEBUG 2018-03-02 12:20:52,917: 	 Executing : 
 command : voms-proxy-info -file /tmp/x509up_u49846 -actimeleft
 output : 42929

 error: 
 retcode : 0
DEBUG 2018-03-02 12:20:52,917: 	 Proxy valid for 11:55:29 hours
DEBUG 2018-03-02 12:20:53,021: 	 Executing : 
 command : env X509_USER_PROXY=/tmp/x509up_u49846 voms-proxy-info -fqan
 output : /cms/Role=NULL/Capability=NULL
/cms/uscms/Role=NULL/Capability=NULL

 error: 
 retcode : 0
DEBUG 2018-03-02 12:20:54,898: 	 Registering user credentials for server /DC=ch/DC=cern/OU=computers/CN=vocms(045|052|021|031|0118|0118a|0119|0108|0105|0109).cern.ch
DEBUG 2018-03-02 12:20:55,006: 	 Executing : 
 command : openssl x509 -in ~/.globus/usercert.pem -subject -noout
 output : subject= /DC=ch/DC=cern/OU=Organic Units/OU=Users/CN=zhixing/CN=764028/CN=Zhixing Wang

 error: 
 retcode : 0
DEBUG 2018-03-02 12:20:55,006: 	 Getting myproxy life time left for myproxy.cern.ch
DEBUG 2018-03-02 12:20:55,007: 	 Calculating hash of /DC=ch/DC=cern/OU=Organic Units/OU=Users/CN=zhixing/CN=764028/CN=Zhixing Wang_cmsweb.cern.ch for credential name
DEBUG 2018-03-02 12:20:55,711: 	 Executing : 
 command : myproxy-info -l 4ee4034cd45d4b67464d1859f7b5d936a2b5fc13 -s myproxy.cern.ch
 output : username: 4ee4034cd45d4b67464d1859f7b5d936a2b5fc13
owner: /DC=ch/DC=cern/OU=Organic Units/OU=Users/CN=zhixing/CN=764028/CN=Zhixing Wang
  renewal policy: /DC=ch/DC=cern/OU=computers/CN=vocms(045|052|021|031|0118|0118a|0119|0108|0105|0109).cern.ch
  trusted retrieval policy: /DC=ch/DC=cern/OU=computers/CN=vocms(045|052|021|031|0118|0118a|0119|0108|0105|0109).cern.ch
  timeleft: 700:14:55  (29.2 days)

 error: 
 retcode : 0
DEBUG 2018-03-02 12:20:55,713: 	 Myproxy is valid: 2520895
DEBUG 2018-03-02 12:20:55,713: 	 Command use: submit
DEBUG 2018-03-02 12:20:55,713: 	 Options use: ['QCD2000-Inf.py']
DEBUG 2018-03-02 12:20:57,555: 	 CRABClient version: 3.3.1802
DEBUG 2018-03-02 12:20:57,555: 	 Instance is prod
DEBUG 2018-03-02 12:20:57,555: 	 Server base url is cmsweb.cern.ch
DEBUG 2018-03-02 12:20:57,555: 	 Command url /crabserver/prod/workflow
DEBUG 2018-03-02 12:20:57,555: 	 Started submission
DEBUG 2018-03-02 12:20:57,556: 	 Working on /uscms_data/d3/zwang2/CMSSW_9_4_0/src/CMSDIJET/DijetRootTreeMaker/crab_jobs/crab_QCD_2000-Inf
DEBUG 2018-03-02 12:20:59,116: 	 Loading required information from the environment
DEBUG 2018-03-02 12:20:59,116: 	 Found CMSSW_9_4_0 for slc6_amd64_gcc630 with base /uscms_data/d3/zwang2/CMSSW_9_4_0
DEBUG 2018-03-02 12:20:59,116: 	 Loading required information from the environment
DEBUG 2018-03-02 12:20:59,116: 	 Found CMSSW_9_4_0 for slc6_amd64_gcc630 with base /uscms_data/d3/zwang2/CMSSW_9_4_0
DEBUG 2018-03-02 12:20:59,129: 	 UNIQUE NAME: tarUUID 25174bd9-06dd-4ed9-981a-f1217fbaad5a 
DEBUG 2018-03-02 12:20:59,129: 	 self.config: from WMCore.Configuration import Configuration
config = Configuration()
config.section_('General')
config.General.workArea = '/uscms_data/d3/zwang2/CMSSW_9_4_0/src/CMSDIJET/DijetRootTreeMaker/crab_jobs/'
config.General.transferOutputs = True
config.General.transferLogs = True
config.General.requestName = 'QCD_2000-Inf'
config.section_('JobType')
config.JobType.psetName = '/uscms_data/d3/zwang2/CMSSW_9_4_0/src/CMSDIJET/DijetRootTreeMaker/prod/flat-MC-cfg_miniAOD.py'
config.JobType.pluginName = 'Analysis'
config.section_('Data')
config.Data.inputDataset = '/QCD_HT2000toInf_TuneCUETP8M1_13TeV-madgraphMLM-pythia8/RunIISummer17MiniAOD-92X_upgrade2017_realistic_v10-v3/MINIAODSIM'
config.Data.outputDatasetTag = 'analysis'
config.Data.publication = False
config.Data.unitsPerJob = 1
config.Data.splitting = 'FileBased'
config.Data.outLFNDirBase = '/store/user/zhixing/GravitonToQuarkQuark/'
config.section_('Site')
config.Site.blacklist = []
config.Site.storageSite = 'T3_US_FNALLPC'
config.section_('User')
config.section_('Debug')
config.Debug.extraJDL = ['+CMS_ALLOW_OVERFLOW=False']

DEBUG 2018-03-02 12:20:59,130: 	 self.config.JobType.psetName: /uscms_data/d3/zwang2/CMSSW_9_4_0/src/CMSDIJET/DijetRootTreeMaker/prod/flat-MC-cfg_miniAOD.py
INFO 2018-03-02 12:20:59,130: 	 Importing CMSSW configuration /uscms_data/d3/zwang2/CMSSW_9_4_0/src/CMSDIJET/DijetRootTreeMaker/prod/flat-MC-cfg_miniAOD.py
INFO 2018-03-02 12:21:01,929: 	 Finished importing CMSSW configuration /uscms_data/d3/zwang2/CMSSW_9_4_0/src/CMSDIJET/DijetRootTreeMaker/prod/flat-MC-cfg_miniAOD.py
DEBUG 2018-03-02 12:21:01,929: 	 Writing CMSSW configuration to /uscms_data/d3/zwang2/CMSSW_9_4_0/src/CMSDIJET/DijetRootTreeMaker/crab_jobs/crab_QCD_2000-Inf/inputs/PSet.py
DEBUG 2018-03-02 12:21:02,626: 	 The following EDM output files will be collected: []
DEBUG 2018-03-02 12:21:02,626: 	 The following TFile output files will be collected: ['THISROOTFILE.root']
DEBUG 2018-03-02 12:21:02,626: 	 The following user output files will be collected: []
DEBUG 2018-03-02 12:21:02,626: 	 Loading required information from the environment
DEBUG 2018-03-02 12:21:02,626: 	 Found CMSSW_9_4_0 for slc6_amd64_gcc630 with base /uscms_data/d3/zwang2/CMSSW_9_4_0
DEBUG 2018-03-02 12:21:02,626: 	 Making tarball in /uscms_data/d3/zwang2/CMSSW_9_4_0/src/CMSDIJET/DijetRootTreeMaker/crab_jobs/crab_QCD_2000-Inf/inputs/25174bd9-06dd-4ed9-981a-f1217fbaad5adefault.tgz
DEBUG 2018-03-02 12:21:02,652: 	 Checking directory /uscms_data/d3/zwang2/CMSSW_9_4_0/lib
DEBUG 2018-03-02 12:21:02,652: 	 Adding directory /uscms_data/d3/zwang2/CMSSW_9_4_0/lib to tarball
DEBUG 2018-03-02 12:21:02,991: 	 Checking directory /uscms_data/d3/zwang2/CMSSW_9_4_0/biglib
DEBUG 2018-03-02 12:21:02,991: 	 Adding directory /uscms_data/d3/zwang2/CMSSW_9_4_0/biglib to tarball
DEBUG 2018-03-02 12:21:02,993: 	 Checking directory /uscms_data/d3/zwang2/CMSSW_9_4_0/module
DEBUG 2018-03-02 12:21:03,005: 	 Adding data directory /uscms_data/d3/zwang2/CMSSW_9_4_0/src/CMSDIJET/DijetRootTreeMaker/data to tarball
DEBUG 2018-03-02 12:21:05,985: 	 Adding data directory /uscms_data/d3/zwang2/CMSSW_9_4_0/src/PhysicsTools/PatExamples/interface to tarball
DEBUG 2018-03-02 12:21:06,001: 	 Adding data directory /uscms_data/d3/zwang2/CMSSW_9_4_0/src/PhysicsTools/PatExamples/data to tarball
DEBUG 2018-03-02 12:21:06,096: 	 Uploading archive /uscms_data/d3/zwang2/CMSSW_9_4_0/src/CMSDIJET/DijetRootTreeMaker/crab_jobs/crab_QCD_2000-Inf/inputs/25174bd9-06dd-4ed9-981a-f1217fbaad5adefault.tgz (3.553711.1 MB) to the CRAB cache. Using URI https://cmsweb.cern.ch/crabcache
DEBUG 2018-03-02 12:21:12,122: 	 Loading required information from the environment
DEBUG 2018-03-02 12:21:12,123: 	 Found CMSSW_9_4_0 for slc6_amd64_gcc630 with base /uscms_data/d3/zwang2/CMSSW_9_4_0
DEBUG 2018-03-02 12:21:12,123: 	 Making tarball in /uscms_data/d3/zwang2/CMSSW_9_4_0/src/CMSDIJET/DijetRootTreeMaker/crab_jobs/crab_QCD_2000-Inf/inputs/debugFiles.tgz
DEBUG 2018-03-02 12:21:12,128: 	 Uploading archive /uscms_data/d3/zwang2/CMSSW_9_4_0/src/CMSDIJET/DijetRootTreeMaker/crab_jobs/crab_QCD_2000-Inf/inputs/debugFiles.tgz (3 KB) to the CRAB cache. Using URI https://cmsweb.cern.ch/crabcache
DEBUG 2018-03-02 12:21:14,048: 	 Result uploading input files: ccd141939f3a48cd892f2521853b15b3365c44e3588ee018d082f5111e25b17a.tar.gz 
INFO 2018-03-02 12:21:14,048: 	 Sending the request to the server
DEBUG 2018-03-02 12:21:14,048: 	 Submitting {'maxjobruntime': 1250, 'extrajdl': ['+CMS_ALLOW_OVERFLOW=False'], 'ignorelocality': 0, 'savelogsflag': 1, 'useparent': 0, 'asyncdest': 'T3_US_FNALLPC', 'algoargs': 1, 'cachefilename': 'ccd141939f3a48cd892f2521853b15b3365c44e3588ee018d082f5111e25b17a.tar.gz', 'numcores': 1, 'addoutputfiles': [], 'generator': 'pythia', 'maxmemory': 2000, 'publishdbsurl': 'https://cmsweb.cern.ch/dbs/prod/phys03/DBSWriter', 'priority': 10, 'jobsw': 'CMSSW_9_4_0', 'edmoutfiles': [], 'userfiles': [], 'primarydataset': '', 'inputdata': '/QCD_HT2000toInf_TuneCUETP8M1_13TeV-madgraphMLM-pythia8/RunIISummer17MiniAOD-92X_upgrade2017_realistic_v10-v3/MINIAODSIM', 'lfn': '/store/user/zhixing/GravitonToQuarkQuark/', 'dryrun': 0, 'workflow': 'crab_QCD_2000-Inf', 'cacheurl': u'https://cmsweb.cern.ch/crabcache', 'nonprodsw': 0, 'tfileoutfiles': ['THISROOTFILE.root'], 'oneEventMode': 0, 'debugfilename': '61064fcaa1e4842d462de4798bb4a0c1e0a2552ec3467134dcd3855b14532936.tar.gz', 'saveoutput': 1, 'publication': 0, 'jobarch': 'slc6_amd64_gcc630', 'totalunits': 0, 'splitalgo': 'FileBased', 'ignoreglobalblacklist': 0, 'nonvaliddata': 0, 'dbsurl': 'https://cmsweb.cern.ch/dbs/prod/global/DBSReader', 'publishgroupname': 0, 'jobtype': 'Analysis', 'siteblacklist': [], 'publishname2': 'analysis'} 
DEBUG 2018-03-02 12:21:14,048: 	 Encoded submit request: maxjobruntime=1250&ignorelocality=0&savelogsflag=1&useparent=0&asyncdest=T3_US_FNALLPC&algoargs=1&cachefilename=ccd141939f3a48cd892f2521853b15b3365c44e3588ee018d082f5111e25b17a.tar.gz&numcores=1&generator=pythia&maxmemory=2000&publishdbsurl=https%3A%2F%2Fcmsweb.cern.ch%2Fdbs%2Fprod%2Fphys03%2FDBSWriter&priority=10&jobsw=CMSSW_9_4_0&primarydataset=&inputdata=%2FQCD_HT2000toInf_TuneCUETP8M1_13TeV-madgraphMLM-pythia8%2FRunIISummer17MiniAOD-92X_upgrade2017_realistic_v10-v3%2FMINIAODSIM&lfn=%2Fstore%2Fuser%2Fzhixing%2FGravitonToQuarkQuark%2F&dryrun=0&workflow=crab_QCD_2000-Inf&cacheurl=https%3A%2F%2Fcmsweb.cern.ch%2Fcrabcache&nonprodsw=0&oneEventMode=0&debugfilename=61064fcaa1e4842d462de4798bb4a0c1e0a2552ec3467134dcd3855b14532936.tar.gz&saveoutput=1&publication=0&jobarch=slc6_amd64_gcc630&totalunits=0&splitalgo=FileBased&ignoreglobalblacklist=0&nonvaliddata=0&dbsurl=https%3A%2F%2Fcmsweb.cern.ch%2Fdbs%2Fprod%2Fglobal%2FDBSReader&publishgroupname=0&jobtype=Analysis&publishname2=analysis&tfileoutfiles=THISROOTFILE.root&extrajdl=%2BCMS_ALLOW_OVERFLOW%3DFalse
DEBUG 2018-03-02 12:21:16,378: 	 Result: {u'result': [{u'RequestName': u'180302_182115:zhixing_crab_QCD_2000-Inf'}]}
INFO 2018-03-02 12:21:16,381: 	 Success: Your task has been delivered to the CRAB3 server.
INFO 2018-03-02 12:21:16,381: 	 Task name: 180302_182115:zhixing_crab_QCD_2000-Inf
INFO 2018-03-02 12:21:16,382: 	 Please use 'crab status' to check how the submission process proceeds.
DEBUG 2018-03-02 12:21:16,382: 	 About to return
INFO 2018-03-02 12:21:16,389: 	 Log file is /uscms_data/d3/zwang2/CMSSW_9_4_0/src/CMSDIJET/DijetRootTreeMaker/crab_jobs/crab_QCD_2000-Inf/crab.log
