DEBUG 2018-03-01 20:01:56,538: 	 Executing command: 'submit'
DEBUG 2018-03-01 20:01:56,538: 	 Found CRAB cache file /uscms/home/zwang2/.crab3
DEBUG 2018-03-01 20:01:56,554: 	 Checking credentials
DEBUG 2018-03-01 20:01:56,554: 	 Found proxy file /tmp/x509up_u49846
DEBUG 2018-03-01 20:01:56,554: 	 Getting proxy life time left
DEBUG 2018-03-01 20:01:56,657: 	 Executing : 
 command : voms-proxy-info -file /tmp/x509up_u49846 -timeleft
 output : 39159

 error: 
 retcode : 0
DEBUG 2018-03-01 20:01:56,760: 	 Executing : 
 command : voms-proxy-info -file /tmp/x509up_u49846 -actimeleft
 output : 39158

 error: 
 retcode : 0
DEBUG 2018-03-01 20:01:56,761: 	 Proxy valid for 10:52:39 hours
INFO 2018-03-01 20:01:56,761: 	 Will use CRAB configuration file GravitonToQuark_6000.py
DEBUG 2018-03-01 20:01:56,761: 	 Loading CRAB configuration file.
DEBUG 2018-03-01 20:01:59,028: 	 Will use CRAB Analysis plugin (i.e. will run an analysis job type).
DEBUG 2018-03-01 20:01:59,147: 	 Executing : 
 command : openssl x509 -in ~/.globus/usercert.pem -subject -noout
 output : subject= /DC=ch/DC=cern/OU=Organic Units/OU=Users/CN=zhixing/CN=764028/CN=Zhixing Wang

 error: 
 retcode : 0
DEBUG 2018-03-01 20:01:59,147: 	 Checking credentials
DEBUG 2018-03-01 20:01:59,147: 	 Found proxy file /tmp/x509up_u49846
DEBUG 2018-03-01 20:01:59,147: 	 Getting proxy life time left
DEBUG 2018-03-01 20:01:59,251: 	 Executing : 
 command : voms-proxy-info -file /tmp/x509up_u49846 -timeleft
 output : 39156

 error: 
 retcode : 0
DEBUG 2018-03-01 20:01:59,354: 	 Executing : 
 command : voms-proxy-info -file /tmp/x509up_u49846 -actimeleft
 output : 39155

 error: 
 retcode : 0
DEBUG 2018-03-01 20:01:59,355: 	 Proxy valid for 10:52:36 hours
DEBUG 2018-03-01 20:01:59,458: 	 Executing : 
 command : env X509_USER_PROXY=/tmp/x509up_u49846 voms-proxy-info -fqan
 output : /cms/Role=NULL/Capability=NULL
/cms/uscms/Role=NULL/Capability=NULL

 error: 
 retcode : 0
DEBUG 2018-03-01 20:02:03,367: 	 Registering user credentials for server /DC=ch/DC=cern/OU=computers/CN=vocms(045|052|021|031|0118|0118a|0119|0108|0105|0109).cern.ch
DEBUG 2018-03-01 20:02:03,475: 	 Executing : 
 command : openssl x509 -in ~/.globus/usercert.pem -subject -noout
 output : subject= /DC=ch/DC=cern/OU=Organic Units/OU=Users/CN=zhixing/CN=764028/CN=Zhixing Wang

 error: 
 retcode : 0
DEBUG 2018-03-01 20:02:03,476: 	 Getting myproxy life time left for myproxy.cern.ch
DEBUG 2018-03-01 20:02:03,476: 	 Calculating hash of /DC=ch/DC=cern/OU=Organic Units/OU=Users/CN=zhixing/CN=764028/CN=Zhixing Wang_cmsweb.cern.ch for credential name
DEBUG 2018-03-01 20:02:04,281: 	 Executing : 
 command : myproxy-info -l 4ee4034cd45d4b67464d1859f7b5d936a2b5fc13 -s myproxy.cern.ch
 output : username: 4ee4034cd45d4b67464d1859f7b5d936a2b5fc13
owner: /DC=ch/DC=cern/OU=Organic Units/OU=Users/CN=zhixing/CN=764028/CN=Zhixing Wang
  renewal policy: /DC=ch/DC=cern/OU=computers/CN=vocms(045|052|021|031|0118|0118a|0119|0108|0105|0109).cern.ch
  trusted retrieval policy: /DC=ch/DC=cern/OU=computers/CN=vocms(045|052|021|031|0118|0118a|0119|0108|0105|0109).cern.ch
  timeleft: 716:33:46  (29.9 days)

 error: 
 retcode : 0
DEBUG 2018-03-01 20:02:04,282: 	 Myproxy is valid: 2579626
DEBUG 2018-03-01 20:02:04,282: 	 Command use: submit
DEBUG 2018-03-01 20:02:04,283: 	 Options use: ['GravitonToQuark_6000.py']
DEBUG 2018-03-01 20:02:06,218: 	 CRABClient version: 3.3.1802
DEBUG 2018-03-01 20:02:06,218: 	 Instance is prod
DEBUG 2018-03-01 20:02:06,218: 	 Server base url is cmsweb.cern.ch
DEBUG 2018-03-01 20:02:06,218: 	 Command url /crabserver/prod/workflow
DEBUG 2018-03-01 20:02:06,219: 	 Started submission
DEBUG 2018-03-01 20:02:06,219: 	 Working on /uscms_data/d3/zwang2/CMSSW_9_4_0/src/CMSDIJET/DijetRootTreeMaker/crab_jobs/crab_GravitonToQuark_6000
DEBUG 2018-03-01 20:02:07,791: 	 Loading required information from the environment
DEBUG 2018-03-01 20:02:07,791: 	 Found CMSSW_9_4_0 for slc6_amd64_gcc630 with base /uscms_data/d3/zwang2/CMSSW_9_4_0
DEBUG 2018-03-01 20:02:07,791: 	 Loading required information from the environment
DEBUG 2018-03-01 20:02:07,791: 	 Found CMSSW_9_4_0 for slc6_amd64_gcc630 with base /uscms_data/d3/zwang2/CMSSW_9_4_0
DEBUG 2018-03-01 20:02:07,804: 	 UNIQUE NAME: tarUUID 61a90fd2-a282-4b21-aa1a-3e21caadfce6 
DEBUG 2018-03-01 20:02:07,804: 	 self.config: from WMCore.Configuration import Configuration
config = Configuration()
config.section_('General')
config.General.workArea = '/uscms_data/d3/zwang2/CMSSW_9_4_0/src/CMSDIJET/DijetRootTreeMaker/crab_jobs/'
config.General.transferOutputs = True
config.General.transferLogs = True
config.General.requestName = 'GravitonToQuark_6000'
config.section_('JobType')
config.JobType.psetName = '/uscms_data/d3/zwang2/CMSSW_9_4_0/src/CMSDIJET/DijetRootTreeMaker/prod/flat-MC-cfg_miniAOD.py'
config.JobType.pluginName = 'Analysis'
config.section_('Data')
config.Data.inputDataset = '/RSGravitonToQuarkQuark_kMpl01_M_6000_TuneCUETP8M1_13TeV_pythia8/RunIISummer17MiniAOD-92X_upgrade2017_realistic_v10-v3/MINIAODSIM'
config.Data.outputDatasetTag = 'analysis'
config.Data.publication = False
config.Data.unitsPerJob = 1
config.Data.splitting = 'FileBased'
config.Data.outLFNDirBase = '/store/user/zhixing/GravitonToQuarkQuark/'
config.section_('Site')
config.Site.blacklist = []
config.Site.storageSite = 'T3_US_FNALLPC'
config.section_('User')
config.section_('Debug')
config.Debug.extraJDL = ['+CMS_ALLOW_OVERFLOW=False']

DEBUG 2018-03-01 20:02:07,805: 	 self.config.JobType.psetName: /uscms_data/d3/zwang2/CMSSW_9_4_0/src/CMSDIJET/DijetRootTreeMaker/prod/flat-MC-cfg_miniAOD.py
INFO 2018-03-01 20:02:07,805: 	 Importing CMSSW configuration /uscms_data/d3/zwang2/CMSSW_9_4_0/src/CMSDIJET/DijetRootTreeMaker/prod/flat-MC-cfg_miniAOD.py
INFO 2018-03-01 20:02:10,615: 	 Finished importing CMSSW configuration /uscms_data/d3/zwang2/CMSSW_9_4_0/src/CMSDIJET/DijetRootTreeMaker/prod/flat-MC-cfg_miniAOD.py
DEBUG 2018-03-01 20:02:10,615: 	 Writing CMSSW configuration to /uscms_data/d3/zwang2/CMSSW_9_4_0/src/CMSDIJET/DijetRootTreeMaker/crab_jobs/crab_GravitonToQuark_6000/inputs/PSet.py
DEBUG 2018-03-01 20:02:11,341: 	 The following EDM output files will be collected: []
DEBUG 2018-03-01 20:02:11,341: 	 The following TFile output files will be collected: ['THISROOTFILE.root']
DEBUG 2018-03-01 20:02:11,341: 	 The following user output files will be collected: []
DEBUG 2018-03-01 20:02:11,341: 	 Loading required information from the environment
DEBUG 2018-03-01 20:02:11,341: 	 Found CMSSW_9_4_0 for slc6_amd64_gcc630 with base /uscms_data/d3/zwang2/CMSSW_9_4_0
DEBUG 2018-03-01 20:02:11,341: 	 Making tarball in /uscms_data/d3/zwang2/CMSSW_9_4_0/src/CMSDIJET/DijetRootTreeMaker/crab_jobs/crab_GravitonToQuark_6000/inputs/61a90fd2-a282-4b21-aa1a-3e21caadfce6default.tgz
DEBUG 2018-03-01 20:02:11,361: 	 Checking directory /uscms_data/d3/zwang2/CMSSW_9_4_0/lib
DEBUG 2018-03-01 20:02:11,361: 	 Adding directory /uscms_data/d3/zwang2/CMSSW_9_4_0/lib to tarball
DEBUG 2018-03-01 20:02:11,699: 	 Checking directory /uscms_data/d3/zwang2/CMSSW_9_4_0/biglib
DEBUG 2018-03-01 20:02:11,699: 	 Adding directory /uscms_data/d3/zwang2/CMSSW_9_4_0/biglib to tarball
DEBUG 2018-03-01 20:02:11,700: 	 Checking directory /uscms_data/d3/zwang2/CMSSW_9_4_0/module
DEBUG 2018-03-01 20:02:11,714: 	 Adding data directory /uscms_data/d3/zwang2/CMSSW_9_4_0/src/CMSDIJET/DijetRootTreeMaker/data to tarball
DEBUG 2018-03-01 20:02:14,489: 	 Adding data directory /uscms_data/d3/zwang2/CMSSW_9_4_0/src/PhysicsTools/PatExamples/interface to tarball
DEBUG 2018-03-01 20:02:14,536: 	 Adding data directory /uscms_data/d3/zwang2/CMSSW_9_4_0/src/PhysicsTools/PatExamples/data to tarball
DEBUG 2018-03-01 20:02:14,628: 	 Uploading archive /uscms_data/d3/zwang2/CMSSW_9_4_0/src/CMSDIJET/DijetRootTreeMaker/crab_jobs/crab_GravitonToQuark_6000/inputs/61a90fd2-a282-4b21-aa1a-3e21caadfce6default.tgz (3.552734.1 MB) to the CRAB cache. Using URI https://cmsweb.cern.ch/crabcache
DEBUG 2018-03-01 20:02:21,846: 	 Loading required information from the environment
DEBUG 2018-03-01 20:02:21,846: 	 Found CMSSW_9_4_0 for slc6_amd64_gcc630 with base /uscms_data/d3/zwang2/CMSSW_9_4_0
DEBUG 2018-03-01 20:02:21,846: 	 Making tarball in /uscms_data/d3/zwang2/CMSSW_9_4_0/src/CMSDIJET/DijetRootTreeMaker/crab_jobs/crab_GravitonToQuark_6000/inputs/debugFiles.tgz
DEBUG 2018-03-01 20:02:21,853: 	 Uploading archive /uscms_data/d3/zwang2/CMSSW_9_4_0/src/CMSDIJET/DijetRootTreeMaker/crab_jobs/crab_GravitonToQuark_6000/inputs/debugFiles.tgz (3 KB) to the CRAB cache. Using URI https://cmsweb.cern.ch/crabcache
DEBUG 2018-03-01 20:02:23,867: 	 Result uploading input files: ccd141939f3a48cd892f2521853b15b3365c44e3588ee018d082f5111e25b17a.tar.gz 
INFO 2018-03-01 20:02:23,868: 	 Sending the request to the server
DEBUG 2018-03-01 20:02:23,868: 	 Submitting {'maxjobruntime': 1250, 'extrajdl': ['+CMS_ALLOW_OVERFLOW=False'], 'ignorelocality': 0, 'savelogsflag': 1, 'useparent': 0, 'asyncdest': 'T3_US_FNALLPC', 'algoargs': 1, 'cachefilename': 'ccd141939f3a48cd892f2521853b15b3365c44e3588ee018d082f5111e25b17a.tar.gz', 'numcores': 1, 'addoutputfiles': [], 'generator': 'pythia', 'maxmemory': 2000, 'publishdbsurl': 'https://cmsweb.cern.ch/dbs/prod/phys03/DBSWriter', 'priority': 10, 'jobsw': 'CMSSW_9_4_0', 'edmoutfiles': [], 'userfiles': [], 'primarydataset': '', 'inputdata': '/RSGravitonToQuarkQuark_kMpl01_M_6000_TuneCUETP8M1_13TeV_pythia8/RunIISummer17MiniAOD-92X_upgrade2017_realistic_v10-v3/MINIAODSIM', 'lfn': '/store/user/zhixing/GravitonToQuarkQuark/', 'dryrun': 0, 'workflow': 'crab_GravitonToQuark_6000', 'cacheurl': u'https://cmsweb.cern.ch/crabcache', 'nonprodsw': 0, 'tfileoutfiles': ['THISROOTFILE.root'], 'oneEventMode': 0, 'debugfilename': 'c0c820cc6fdba26f6e4afc211ed0bb12adce4ddadc0b47bba7319208d21671ea.tar.gz', 'saveoutput': 1, 'publication': 0, 'jobarch': 'slc6_amd64_gcc630', 'totalunits': 0, 'splitalgo': 'FileBased', 'ignoreglobalblacklist': 0, 'nonvaliddata': 0, 'dbsurl': 'https://cmsweb.cern.ch/dbs/prod/global/DBSReader', 'publishgroupname': 0, 'jobtype': 'Analysis', 'siteblacklist': [], 'publishname2': 'analysis'} 
DEBUG 2018-03-01 20:02:23,868: 	 Encoded submit request: maxjobruntime=1250&ignorelocality=0&savelogsflag=1&useparent=0&asyncdest=T3_US_FNALLPC&algoargs=1&cachefilename=ccd141939f3a48cd892f2521853b15b3365c44e3588ee018d082f5111e25b17a.tar.gz&numcores=1&generator=pythia&maxmemory=2000&publishdbsurl=https%3A%2F%2Fcmsweb.cern.ch%2Fdbs%2Fprod%2Fphys03%2FDBSWriter&priority=10&jobsw=CMSSW_9_4_0&primarydataset=&inputdata=%2FRSGravitonToQuarkQuark_kMpl01_M_6000_TuneCUETP8M1_13TeV_pythia8%2FRunIISummer17MiniAOD-92X_upgrade2017_realistic_v10-v3%2FMINIAODSIM&lfn=%2Fstore%2Fuser%2Fzhixing%2FGravitonToQuarkQuark%2F&dryrun=0&workflow=crab_GravitonToQuark_6000&cacheurl=https%3A%2F%2Fcmsweb.cern.ch%2Fcrabcache&nonprodsw=0&oneEventMode=0&debugfilename=c0c820cc6fdba26f6e4afc211ed0bb12adce4ddadc0b47bba7319208d21671ea.tar.gz&saveoutput=1&publication=0&jobarch=slc6_amd64_gcc630&totalunits=0&splitalgo=FileBased&ignoreglobalblacklist=0&nonvaliddata=0&dbsurl=https%3A%2F%2Fcmsweb.cern.ch%2Fdbs%2Fprod%2Fglobal%2FDBSReader&publishgroupname=0&jobtype=Analysis&publishname2=analysis&tfileoutfiles=THISROOTFILE.root&extrajdl=%2BCMS_ALLOW_OVERFLOW%3DFalse
DEBUG 2018-03-01 20:02:26,178: 	 Result: {u'result': [{u'RequestName': u'180302_020225:zhixing_crab_GravitonToQuark_6000'}]}
INFO 2018-03-01 20:02:26,181: 	 Success: Your task has been delivered to the CRAB3 server.
INFO 2018-03-01 20:02:26,181: 	 Task name: 180302_020225:zhixing_crab_GravitonToQuark_6000
INFO 2018-03-01 20:02:26,181: 	 Please use 'crab status' to check how the submission process proceeds.
DEBUG 2018-03-01 20:02:26,182: 	 About to return
INFO 2018-03-01 20:02:26,187: 	 Log file is /uscms_data/d3/zwang2/CMSSW_9_4_0/src/CMSDIJET/DijetRootTreeMaker/crab_jobs/crab_GravitonToQuark_6000/crab.log
